

Microchip MPLAB XC8 Assembler V2.32 build 20210201212658 
                                                                                               Thu Jan 27 22:10:48 2022

Microchip MPLAB XC8 C Compiler v2.32 (Free license) build 20210201212658 Og1 
     1                           	processor	18F57Q43
     2                           	fnconf	rparam,??,?,0
     3                           	pagewidth 120
     4                           	opt	flic
     5                           	psect	smallconst,global,reloc=2,class=SMALLCONST,delta=1,noexec
     6                           	psect	cinit,global,reloc=2,class=CODE,delta=1
     7                           	psect	bssCOMRAM,global,class=COMRAM,space=1,delta=1,lowdata,noexec
     8                           	psect	cstackCOMRAM,global,class=COMRAM,space=1,delta=1,lowdata,noexec
     9                           	psect	text0,global,reloc=2,class=CODE,delta=1
    10                           	psect	text1,global,reloc=2,class=CODE,delta=1,group=3
    11                           	psect	text2,global,reloc=2,class=CODE,delta=1,group=1
    12                           	psect	text3,global,reloc=2,class=CODE,delta=1,group=1
    13                           	psect	text4,global,reloc=2,class=CODE,delta=1,group=3
    14                           	psect	text5,global,reloc=2,class=CODE,delta=1
    15                           	psect	text6,global,reloc=2,class=CODE,delta=1
    16                           	psect	intsave_regs,global,class=BIGRAM,space=1,delta=1,noexec
    17                           	psect	rparam,global,class=COMRAM,space=1,delta=1,noexec
    18                           	psect	idloc,global,abs,ovrld,class=IDLOC,space=5,delta=1,noexec
    19                           	psect	config,global,abs,ovrld,class=CONFIG,space=4,delta=1,noexec
    20  0000                     
    21                           ; Version 2.35
    22                           ; Generated 04/06/2021 GMT
    23                           ; 
    24                           ; Copyright © 2021, Microchip Technology Inc. and its subsidiaries ("Microchip")
    25                           ; All rights reserved.
    26                           ; 
    27                           ; This software is developed by Microchip Technology Inc. and its subsidiaries ("Microch
      +                          ip").
    28                           ; 
    29                           ; Redistribution and use in source and binary forms, with or without modification, are
    30                           ; permitted provided that the following conditions are met:
    31                           ; 
    32                           ;     1. Redistributions of source code must retain the above copyright notice, this lis
      +                          t of
    33                           ;        conditions and the following disclaimer.
    34                           ; 
    35                           ;     2. Redistributions in binary form must reproduce the above copyright notice, this 
      +                          list
    36                           ;        of conditions and the following disclaimer in the documentation and/or other
    37                           ;        materials provided with the distribution. Publication is not required when
    38                           ;        this file is used in an embedded application.
    39                           ; 
    40                           ;     3. Microchip's name may not be used to endorse or promote products derived from th
      +                          is
    41                           ;        software without specific prior written permission.
    42                           ; 
    43                           ; THIS SOFTWARE IS PROVIDED BY MICROCHIP "AS IS" AND ANY EXPRESS OR IMPLIED WARRANTIES,
    44                           ; INCLUDING, BUT NOT LIMITED TO, THE IMPLIED WARRANTIES OF MERCHANTABILITY AND FITNESS F
      +                          OR
    45                           ; PURPOSE ARE DISCLAIMED.  IN NO EVENT SHALL MICROCHIP BE LIABLE FOR ANY DIRECT, INDIREC
      +                          T,
    46                           ; INCIDENTAL, SPECIAL, EXEMPLARY, OR CONSEQUENTIAL DAMAGES (INCLUDING BUT NOT LIMITED TO
    47                           ; PROCUREMENT OF SUBSTITUTE GOODS OR SERVICES; LOSS OF USE, DATA OR PROFITS; OR BUSINESS
    48                           ; INTERRUPTION) HOWSOEVER CAUSED AND ON ANY THEORY OF LIABILITY, WHETHER IN CONTRACT, ST
      +                          RICT
    49                           ; LIABILITY, OR TORT (INCLUDING NEGLIGENCE OR OTHERWISE) ARISING IN ANY WAY OUT OF THE U
      +                          SE OF
    50                           ; THIS SOFTWARE, EVEN IF ADVISED OF THE POSSIBILITY OF SUCH DAMAGE.
    51                           ; 
    52                           ; 
    53                           ; Code-generator required, PIC18F57Q43 Definitions
    54                           ; 
    55                           ; SFR Addresses
    56  0000                     _U1TXB	set	675
    57  0000                     _U1ERRIRbits	set	690
    58  0000                     _U1CON1bits	set	684
    59  0000                     _U1CON0bits	set	683
    60                           
    61                           	psect	smallconst
    62  002600                     __psmallconst:
    63                           	callstack 0
    64  002600  00                 	db	0
    65  002601                     STR_1:
    66                           
    67                           ; BSR set to: 2
    68  002601  59                 	db	89	;'Y'
    69  002602  65                 	db	101	;'e'
    70  002603  61                 	db	97	;'a'
    71  002604  68                 	db	104	;'h'
    72  002605  2E                 	db	46
    73  002606  2E                 	db	46
    74  002607  2E                 	db	46
    75  002608  00                 	db	0
    76  002609  00                 	db	0	; dummy byte at the end
    77  0000                     
    78                           ; #config settings
    79                           
    80                           	psect	cinit
    81  00282E                     __pcinit:
    82                           	callstack 0
    83  00282E                     start_initialization:
    84                           	callstack 0
    85  00282E                     __initialization:
    86                           	callstack 0
    87                           
    88                           ; Clear objects allocated to COMRAM (48 bytes)
    89  00282E  EE01  F101         	lfsr	0,__pbssCOMRAM
    90  002832  0E30               	movlw	48
    91  002834                     clear_0:
    92  002834  6AEE               	clrf	postinc0,c
    93  002836  06E8               	decf	wreg,f,c
    94  002838  E1FD               	bnz	clear_0
    95  00283A                     end_of_initialization:
    96                           	callstack 0
    97  00283A                     __end_of__initialization:
    98                           	callstack 0
    99  00283A  0E00               	movlw	low (__Lsmallconst shr (0+16))
   100  00283C  6EF8               	movwf	tblptru,c
   101  00283E  0E26               	movlw	high __Lsmallconst
   102  002840  6EF7               	movwf	tblptrh,c
   103  002842  0100               	movlb	0
   104  002844  EF31  F014         	goto	_main	;jump to C main() function
   105                           
   106                           	psect	bssCOMRAM
   107  000501                     __pbssCOMRAM:
   108                           	callstack 0
   109  000501                     	ds	32
   110  000521                     _myFloat:
   111                           	callstack 0
   112  000521                     	ds	4
   113  000525                     _myVar:
   114                           	callstack 0
   115  000525                     	ds	4
   116  000529                     _nout:
   117                           	callstack 0
   118  000529                     	ds	2
   119  00052B                     _width:
   120                           	callstack 0
   121  00052B                     	ds	2
   122  00052D                     _prec:
   123                           	callstack 0
   124  00052D                     	ds	2
   125  00052F                     _flags:
   126                           	callstack 0
   127  00052F                     	ds	2
   128                           
   129                           	psect	cstackCOMRAM
   130  000531                     __pcstackCOMRAM:
   131                           	callstack 0
   132  000531                     putch@data:
   133                           	callstack 0
   134                           
   135                           ; 1 bytes @ 0x0
   136  000531                     	ds	1
   137  000532                     fputc@c:
   138                           	callstack 0
   139                           
   140                           ; 2 bytes @ 0x1
   141  000532                     	ds	2
   142  000534                     fputc@fp:
   143                           	callstack 0
   144                           
   145                           ; 2 bytes @ 0x3
   146  000534                     	ds	2
   147  000536                     ??_fputc:
   148                           
   149                           ; 1 bytes @ 0x5
   150  000536                     	ds	5
   151  00053B                     ?_vfpfcnvrt:
   152                           	callstack 0
   153  00053B                     vfpfcnvrt@fp:
   154                           	callstack 0
   155                           
   156                           ; 2 bytes @ 0xA
   157  00053B                     	ds	2
   158  00053D                     vfpfcnvrt@fmt:
   159                           	callstack 0
   160                           
   161                           ; 2 bytes @ 0xC
   162  00053D                     	ds	2
   163  00053F                     vfpfcnvrt@ap:
   164                           	callstack 0
   165                           
   166                           ; 2 bytes @ 0xE
   167  00053F                     	ds	2
   168  000541                     ?_vfprintf:
   169                           	callstack 0
   170  000541                     vfprintf@fp:
   171                           	callstack 0
   172                           
   173                           ; 2 bytes @ 0x10
   174  000541                     	ds	2
   175  000543                     vfprintf@fmt:
   176                           	callstack 0
   177                           
   178                           ; 2 bytes @ 0x12
   179  000543                     	ds	2
   180  000545                     vfprintf@ap:
   181                           	callstack 0
   182                           
   183                           ; 2 bytes @ 0x14
   184  000545                     	ds	2
   185  000547                     vfprintf@cfmt:
   186                           	callstack 0
   187                           
   188                           ; 2 bytes @ 0x16
   189  000547                     	ds	2
   190  000549                     ?_printf:
   191                           	callstack 0
   192  000549                     printf@fmt:
   193                           	callstack 0
   194                           
   195                           ; 2 bytes @ 0x18
   196  000549                     	ds	2
   197  00054B                     printf@ap:
   198                           	callstack 0
   199                           
   200                           ; 2 bytes @ 0x1A
   201  00054B                     	ds	2
   202  00054D                     
   203                           ; 1 bytes @ 0x1C
   204 ;;
   205 ;;Main: autosize = 0, tempsize = 0, incstack = 0, save=0
   206 ;;
   207 ;; *************** function _main *****************
   208 ;; Defined at:
   209 ;;		line 17 in file "main.c"
   210 ;; Parameters:    Size  Location     Type
   211 ;;		None
   212 ;; Auto vars:     Size  Location     Type
   213 ;;		None
   214 ;; Return value:  Size  Location     Type
   215 ;;                  1    wreg      void 
   216 ;; Registers used:
   217 ;;		wreg, fsr1l, fsr1h, fsr2l, fsr2h, status,2, status,0, tblptrl, tblptrh, tblptru, cstack
   218 ;; Tracked objects:
   219 ;;		On entry : 0/0
   220 ;;		On exit  : 0/0
   221 ;;		Unchanged: 0/0
   222 ;; Data sizes:     COMRAM   BANK5   BANK6   BANK7   BANK8   BANK9  BANK10  BANK11  BANK12  BANK13  BANK14  BANK15  BANK1
      +6  BANK17  BANK18  BANK19  BANK20  BANK21  BANK22  BANK23  BANK24  BANK25  BANK26  BANK27  BANK28  BANK29  BANK30  BANK3
      +1  BANK32  BANK33  BANK34  BANK35  BANK36  BANK37
   223 ;;      Params:         0       0       0       0       0       0       0       0       0       0       0       0       
      +0       0       0       0       0       0       0       0       0       0       0       0       0       0       0       
      +0       0       0       0       0       0       0
   224 ;;      Locals:         0       0       0       0       0       0       0       0       0       0       0       0       
      +0       0       0       0       0       0       0       0       0       0       0       0       0       0       0       
      +0       0       0       0       0       0       0
   225 ;;      Temps:          0       0       0       0       0       0       0       0       0       0       0       0       
      +0       0       0       0       0       0       0       0       0       0       0       0       0       0       0       
      +0       0       0       0       0       0       0
   226 ;;      Totals:         0       0       0       0       0       0       0       0       0       0       0       0       
      +0       0       0       0       0       0       0       0       0       0       0       0       0       0       0       
      +0       0       0       0       0       0       0
   227 ;;Total ram usage:        0 bytes
   228 ;; Hardware stack levels required when called: 5
   229 ;; This function calls:
   230 ;;		_init_uart
   231 ;;		_printf
   232 ;; This function is called by:
   233 ;;		Startup code after reset
   234 ;; This function uses a non-reentrant model
   235 ;;
   236                           
   237                           	psect	text0
   238  002862                     __ptext0:
   239                           	callstack 0
   240  002862                     _main:
   241                           	callstack 122
   242  002862                     
   243                           ;main.c: 18:     init_uart();
   244  002862  EC3D  F014         	call	_init_uart	;wreg free
   245  002866                     
   246                           ;main.c: 19:     printf("Yeah...");
   247  002866  0E01               	movlw	low STR_1
   248  002868  6E49               	movwf	printf@fmt^(0+1280),c
   249  00286A  0E26               	movlw	high STR_1
   250  00286C  6E4A               	movwf	(printf@fmt+1)^(0+1280),c
   251  00286E  EC04  F014         	call	_printf	;wreg free
   252  002872                     l21:
   253  002872  EF39  F014         	goto	l21
   254  002876  EFFE  F0FF         	goto	start
   255  00287A                     __end_of_main:
   256                           	callstack 0
   257                           
   258 ;; *************** function _printf *****************
   259 ;; Defined at:
   260 ;;		line 5 in file "/opt/microchip/xc8/v2.32/pic/sources/c99/common/printf.c"
   261 ;; Parameters:    Size  Location     Type
   262 ;;  fmt             2   24[COMRAM] PTR const unsigned char 
   263 ;;		 -> STR_1(8), 
   264 ;; Auto vars:     Size  Location     Type
   265 ;;  ap              2   26[COMRAM] PTR void [1]
   266 ;;		 -> ?_printf(2), 
   267 ;;  ret             2    0        int 
   268 ;; Return value:  Size  Location     Type
   269 ;;                  2   24[COMRAM] int 
   270 ;; Registers used:
   271 ;;		wreg, fsr1l, fsr1h, fsr2l, fsr2h, status,2, status,0, tblptrl, tblptrh, tblptru, cstack
   272 ;; Tracked objects:
   273 ;;		On entry : 0/0
   274 ;;		On exit  : 0/0
   275 ;;		Unchanged: 0/0
   276 ;; Data sizes:     COMRAM   BANK5   BANK6   BANK7   BANK8   BANK9  BANK10  BANK11  BANK12  BANK13  BANK14  BANK15  BANK1
      +6  BANK17  BANK18  BANK19  BANK20  BANK21  BANK22  BANK23  BANK24  BANK25  BANK26  BANK27  BANK28  BANK29  BANK30  BANK3
      +1  BANK32  BANK33  BANK34  BANK35  BANK36  BANK37
   277 ;;      Params:         2       0       0       0       0       0       0       0       0       0       0       0       
      +0       0       0       0       0       0       0       0       0       0       0       0       0       0       0       
      +0       0       0       0       0       0       0
   278 ;;      Locals:         2       0       0       0       0       0       0       0       0       0       0       0       
      +0       0       0       0       0       0       0       0       0       0       0       0       0       0       0       
      +0       0       0       0       0       0       0
   279 ;;      Temps:          0       0       0       0       0       0       0       0       0       0       0       0       
      +0       0       0       0       0       0       0       0       0       0       0       0       0       0       0       
      +0       0       0       0       0       0       0
   280 ;;      Totals:         4       0       0       0       0       0       0       0       0       0       0       0       
      +0       0       0       0       0       0       0       0       0       0       0       0       0       0       0       
      +0       0       0       0       0       0       0
   281 ;;Total ram usage:        4 bytes
   282 ;; Hardware stack levels used: 1
   283 ;; Hardware stack levels required when called: 4
   284 ;; This function calls:
   285 ;;		_vfprintf
   286 ;; This function is called by:
   287 ;;		_main
   288 ;; This function uses a non-reentrant model
   289 ;;
   290                           
   291                           	psect	text1
   292  002808                     __ptext1:
   293                           	callstack 0
   294  002808                     _printf:
   295                           	callstack 122
   296  002808  0E4B               	movlw	low (?_printf+2)
   297  00280A  6E4B               	movwf	printf@ap^(0+1280),c
   298  00280C  0E05               	movlw	high (?_printf+2)
   299  00280E  6E4C               	movwf	(printf@ap+1)^(0+1280),c
   300  002810  0E00               	movlw	0
   301  002812  6E41               	movwf	vfprintf@fp^(0+1280),c
   302  002814  0E00               	movlw	0
   303  002816  6E42               	movwf	(vfprintf@fp+1)^(0+1280),c
   304  002818  C549  F543         	movff	printf@fmt,vfprintf@fmt
   305  00281C  C54A  F544         	movff	printf@fmt+1,vfprintf@fmt+1
   306  002820  0E4B               	movlw	low printf@ap
   307  002822  6E45               	movwf	vfprintf@ap^(0+1280),c
   308  002824  0E05               	movlw	high printf@ap
   309  002826  6E46               	movwf	(vfprintf@ap+1)^(0+1280),c
   310  002828  ECD3  F013         	call	_vfprintf	;wreg free
   311  00282C  0012               	return		;funcret
   312  00282E                     __end_of_printf:
   313                           	callstack 0
   314                           
   315 ;; *************** function _vfprintf *****************
   316 ;; Defined at:
   317 ;;		line 1390 in file "/opt/microchip/xc8/v2.32/pic/sources/c99/common/doprnt.c"
   318 ;; Parameters:    Size  Location     Type
   319 ;;  fp              2   16[COMRAM] PTR struct _IO_FILE
   320 ;;		 -> NULL(0), 
   321 ;;  fmt             2   18[COMRAM] PTR const unsigned char 
   322 ;;		 -> STR_1(8), 
   323 ;;  ap              2   20[COMRAM] PTR PTR void 
   324 ;;		 -> printf@ap(2), 
   325 ;; Auto vars:     Size  Location     Type
   326 ;;  cfmt            2   22[COMRAM] PTR unsigned char 
   327 ;;		 -> STR_1(8), 
   328 ;; Return value:  Size  Location     Type
   329 ;;                  2   16[COMRAM] int 
   330 ;; Registers used:
   331 ;;		wreg, fsr1l, fsr1h, fsr2l, fsr2h, status,2, status,0, tblptrl, tblptrh, tblptru, cstack
   332 ;; Tracked objects:
   333 ;;		On entry : 0/0
   334 ;;		On exit  : 0/0
   335 ;;		Unchanged: 0/0
   336 ;; Data sizes:     COMRAM   BANK5   BANK6   BANK7   BANK8   BANK9  BANK10  BANK11  BANK12  BANK13  BANK14  BANK15  BANK1
      +6  BANK17  BANK18  BANK19  BANK20  BANK21  BANK22  BANK23  BANK24  BANK25  BANK26  BANK27  BANK28  BANK29  BANK30  BANK3
      +1  BANK32  BANK33  BANK34  BANK35  BANK36  BANK37
   337 ;;      Params:         6       0       0       0       0       0       0       0       0       0       0       0       
      +0       0       0       0       0       0       0       0       0       0       0       0       0       0       0       
      +0       0       0       0       0       0       0
   338 ;;      Locals:         2       0       0       0       0       0       0       0       0       0       0       0       
      +0       0       0       0       0       0       0       0       0       0       0       0       0       0       0       
      +0       0       0       0       0       0       0
   339 ;;      Temps:          0       0       0       0       0       0       0       0       0       0       0       0       
      +0       0       0       0       0       0       0       0       0       0       0       0       0       0       0       
      +0       0       0       0       0       0       0
   340 ;;      Totals:         8       0       0       0       0       0       0       0       0       0       0       0       
      +0       0       0       0       0       0       0       0       0       0       0       0       0       0       0       
      +0       0       0       0       0       0       0
   341 ;;Total ram usage:        8 bytes
   342 ;; Hardware stack levels used: 1
   343 ;; Hardware stack levels required when called: 3
   344 ;; This function calls:
   345 ;;		_vfpfcnvrt
   346 ;; This function is called by:
   347 ;;		_printf
   348 ;; This function uses a non-reentrant model
   349 ;;
   350                           
   351                           	psect	text2
   352  0027A6                     __ptext2:
   353                           	callstack 0
   354  0027A6                     _vfprintf:
   355                           	callstack 122
   356  0027A6                     
   357                           ;/opt/microchip/xc8/v2.32/pic/sources/c99/common/doprnt.c: 1390: int vfprintf(FILE *fp, 
      +                          const char *fmt, va_list ap);/opt/microchip/xc8/v2.32/pic/sources/c99/common/doprnt.c: 1
      +                          391: {;/opt/microchip/xc8/v2.32/pic/sources/c99/common/doprnt.c: 1393:     char *cfmt;;/
      +                          opt/microchip/xc8/v2.32/pic/sources/c99/common/doprnt.c: 1395:     cfmt = (char *)fmt;
   358  0027A6  C543  F547         	movff	vfprintf@fmt,vfprintf@cfmt
   359  0027AA  C544  F548         	movff	vfprintf@fmt+1,vfprintf@cfmt+1
   360  0027AE                     
   361                           ;/opt/microchip/xc8/v2.32/pic/sources/c99/common/doprnt.c: 1396:     nout = 0;
   362  0027AE  0E00               	movlw	0
   363  0027B0  6E2A               	movwf	(_nout+1)^(0+1280),c
   364  0027B2  0E00               	movlw	0
   365  0027B4  6E29               	movwf	_nout^(0+1280),c
   366                           
   367                           ;/opt/microchip/xc8/v2.32/pic/sources/c99/common/doprnt.c: 1397:     while (*cfmt) {
   368  0027B6  EFEF  F013         	goto	l905
   369  0027BA                     l903:
   370                           
   371                           ;/opt/microchip/xc8/v2.32/pic/sources/c99/common/doprnt.c: 1398:         nout += vfpfcnv
      +                          rt(fp, &cfmt, ap);
   372  0027BA  C541  F53B         	movff	vfprintf@fp,vfpfcnvrt@fp
   373  0027BE  C542  F53C         	movff	vfprintf@fp+1,vfpfcnvrt@fp+1
   374  0027C2  0E47               	movlw	low vfprintf@cfmt
   375  0027C4  6E3D               	movwf	vfpfcnvrt@fmt^(0+1280),c
   376  0027C6  0E05               	movlw	high vfprintf@cfmt
   377  0027C8  6E3E               	movwf	(vfpfcnvrt@fmt+1)^(0+1280),c
   378  0027CA  C545  F53F         	movff	vfprintf@ap,vfpfcnvrt@ap
   379  0027CE  C546  F540         	movff	vfprintf@ap+1,vfpfcnvrt@ap+1
   380  0027D2  EC05  F013         	call	_vfpfcnvrt	;wreg free
   381  0027D6  503B               	movf	?_vfpfcnvrt^(0+1280),w,c
   382  0027D8  2629               	addwf	_nout^(0+1280),f,c
   383  0027DA  503C               	movf	(?_vfpfcnvrt+1)^(0+1280),w,c
   384  0027DC  222A               	addwfc	(_nout+1)^(0+1280),f,c
   385  0027DE                     l905:
   386                           
   387                           ;/opt/microchip/xc8/v2.32/pic/sources/c99/common/doprnt.c: 1397:     while (*cfmt) {
   388  0027DE  0061  F51C  F4F6   	movff	vfprintf@cfmt,tblptrl
   389  0027E4  0061  F520  F4F7   	movff	vfprintf@cfmt+1,tblptrh
   390  0027EA                     	if	0	;tblptru may be non-zero
   391  0027EA                     	endif
   392  0027EA                     	if	0	;tblptru may be non-zero
   393  0027EA                     	endif
   394  0027EA  0008               	tblrd		*
   395  0027EC  50F5               	movf	tablat,w,c
   396  0027EE  0900               	iorlw	0
   397  0027F0  A4D8               	btfss	status,2,c
   398  0027F2  EFFD  F013         	goto	u151
   399  0027F6  EFFF  F013         	goto	u150
   400  0027FA                     u151:
   401  0027FA  EFDD  F013         	goto	l903
   402  0027FE                     u150:
   403  0027FE                     
   404                           ;/opt/microchip/xc8/v2.32/pic/sources/c99/common/doprnt.c: 1400:     return nout;
   405  0027FE  C529  F541         	movff	_nout,?_vfprintf
   406  002802  C52A  F542         	movff	_nout+1,?_vfprintf+1
   407  002806  0012               	return		;funcret
   408  002808                     __end_of_vfprintf:
   409                           	callstack 0
   410                           
   411 ;; *************** function _vfpfcnvrt *****************
   412 ;; Defined at:
   413 ;;		line 692 in file "/opt/microchip/xc8/v2.32/pic/sources/c99/common/doprnt.c"
   414 ;; Parameters:    Size  Location     Type
   415 ;;  fp              2   10[COMRAM] PTR struct _IO_FILE
   416 ;;		 -> NULL(0), 
   417 ;;  fmt             2   12[COMRAM] PTR PTR unsigned char 
   418 ;;		 -> vfprintf@cfmt(2), 
   419 ;;  ap              2   14[COMRAM] PTR PTR void 
   420 ;;		 -> printf@ap(2), 
   421 ;; Auto vars:     Size  Location     Type
   422 ;;  llu             8    0        unsigned long long 
   423 ;;  ll              8    0        long long 
   424 ;;  f               4    0        long long 
   425 ;;  vp              3    0        PTR void 
   426 ;;  ct              3    0        unsigned char [3]
   427 ;;  cp              3    0        PTR unsigned char 
   428 ;;  i               2    0        int 
   429 ;;  done            2    0        int 
   430 ;;  c               1    0        unsigned char 
   431 ;; Return value:  Size  Location     Type
   432 ;;                  2   10[COMRAM] int 
   433 ;; Registers used:
   434 ;;		wreg, fsr1l, fsr1h, fsr2l, fsr2h, status,2, status,0, tblptrl, tblptrh, tblptru, cstack
   435 ;; Tracked objects:
   436 ;;		On entry : 0/0
   437 ;;		On exit  : 0/0
   438 ;;		Unchanged: 0/0
   439 ;; Data sizes:     COMRAM   BANK5   BANK6   BANK7   BANK8   BANK9  BANK10  BANK11  BANK12  BANK13  BANK14  BANK15  BANK1
      +6  BANK17  BANK18  BANK19  BANK20  BANK21  BANK22  BANK23  BANK24  BANK25  BANK26  BANK27  BANK28  BANK29  BANK30  BANK3
      +1  BANK32  BANK33  BANK34  BANK35  BANK36  BANK37
   440 ;;      Params:         6       0       0       0       0       0       0       0       0       0       0       0       
      +0       0       0       0       0       0       0       0       0       0       0       0       0       0       0       
      +0       0       0       0       0       0       0
   441 ;;      Locals:         0       0       0       0       0       0       0       0       0       0       0       0       
      +0       0       0       0       0       0       0       0       0       0       0       0       0       0       0       
      +0       0       0       0       0       0       0
   442 ;;      Temps:          0       0       0       0       0       0       0       0       0       0       0       0       
      +0       0       0       0       0       0       0       0       0       0       0       0       0       0       0       
      +0       0       0       0       0       0       0
   443 ;;      Totals:         6       0       0       0       0       0       0       0       0       0       0       0       
      +0       0       0       0       0       0       0       0       0       0       0       0       0       0       0       
      +0       0       0       0       0       0       0
   444 ;;Total ram usage:        6 bytes
   445 ;; Hardware stack levels used: 1
   446 ;; Hardware stack levels required when called: 2
   447 ;; This function calls:
   448 ;;		_fputc
   449 ;; This function is called by:
   450 ;;		_vfprintf
   451 ;; This function uses a non-reentrant model
   452 ;;
   453                           
   454                           	psect	text3
   455  00260A                     __ptext3:
   456                           	callstack 0
   457  00260A                     _vfpfcnvrt:
   458                           	callstack 122
   459  00260A                     
   460                           ;/opt/microchip/xc8/v2.32/pic/sources/c99/common/doprnt.c: 692: static int vfpfcnvrt(FIL
      +                          E *fp, char *fmt[], va_list ap);/opt/microchip/xc8/v2.32/pic/sources/c99/common/doprnt.c
      +                          : 693: {;/opt/microchip/xc8/v2.32/pic/sources/c99/common/doprnt.c: 694:     char c, *cp,
      +                           ct[3];;/opt/microchip/xc8/v2.32/pic/sources/c99/common/doprnt.c: 695:     int done, i;;
      +                          /opt/microchip/xc8/v2.32/pic/sources/c99/common/doprnt.c: 696:     long long ll;;/opt/mi
      +                          crochip/xc8/v2.32/pic/sources/c99/common/doprnt.c: 697:     unsigned long long llu;
   461  00260A  0061  F4F4  F4D9   	movff	vfpfcnvrt@fmt,fsr2l
   462  002610  0061  F4F8  F4DA   	movff	vfpfcnvrt@fmt+1,fsr2h
   463  002616  C4DE F4F6          	movff	postinc2,tblptrl
   464  00261A  C4DD F4F7          	movff	postdec2,tblptrh
   465  00261E                     	if	0	;tblptru may be non-zero
   466  00261E                     	endif
   467  00261E                     	if	0	;tblptru may be non-zero
   468  00261E                     	endif
   469  00261E  0008               	tblrd		*
   470  002620  50F5               	movf	tablat,w,c
   471  002622  0A25               	xorlw	37
   472  002624  A4D8               	btfss	status,2,c
   473  002626  EF17  F013         	goto	u131
   474  00262A  EF19  F013         	goto	u130
   475  00262E                     u131:
   476  00262E  EF68  F013         	goto	l891
   477  002632                     u130:
   478  002632                     
   479                           ;/opt/microchip/xc8/v2.32/pic/sources/c99/common/doprnt.c: 703:         ++*fmt;
   480  002632  0061  F4F4  F4D9   	movff	vfpfcnvrt@fmt,fsr2l
   481  002638  0061  F4F8  F4DA   	movff	vfpfcnvrt@fmt+1,fsr2h
   482  00263E  2ADE               	incf	postinc2,f,c
   483  002640  0E00               	movlw	0
   484  002642  22DD               	addwfc	postdec2,f,c
   485  002644                     
   486                           ;/opt/microchip/xc8/v2.32/pic/sources/c99/common/doprnt.c: 705:         flags = width = 
      +                          0;
   487  002644  0E00               	movlw	0
   488  002646  6E2C               	movwf	(_width+1)^(0+1280),c
   489  002648  0E00               	movlw	0
   490  00264A  6E2B               	movwf	_width^(0+1280),c
   491  00264C  C52B  F52F         	movff	_width,_flags
   492  002650  C52C  F530         	movff	_width+1,_flags+1
   493  002654                     
   494                           ;/opt/microchip/xc8/v2.32/pic/sources/c99/common/doprnt.c: 706:         prec = -1;
   495  002654  682D               	setf	_prec^(0+1280),c
   496  002656  682E               	setf	(_prec+1)^(0+1280),c
   497  002658                     
   498                           ;/opt/microchip/xc8/v2.32/pic/sources/c99/common/doprnt.c: 1372:         if ((*fmt)[0] =
      +                          = '%') {
   499  002658  0061  F4F4  F4D9   	movff	vfpfcnvrt@fmt,fsr2l
   500  00265E  0061  F4F8  F4DA   	movff	vfpfcnvrt@fmt+1,fsr2h
   501  002664  C4DE F4F6          	movff	postinc2,tblptrl
   502  002668  C4DD F4F7          	movff	postdec2,tblptrh
   503  00266C                     	if	0	;tblptru may be non-zero
   504  00266C                     	endif
   505  00266C                     	if	0	;tblptru may be non-zero
   506  00266C                     	endif
   507  00266C  0008               	tblrd		*
   508  00266E  50F5               	movf	tablat,w,c
   509  002670  0A25               	xorlw	37
   510  002672  A4D8               	btfss	status,2,c
   511  002674  EF3E  F013         	goto	u141
   512  002678  EF40  F013         	goto	u140
   513  00267C                     u141:
   514  00267C  EF59  F013         	goto	l885
   515  002680                     u140:
   516  002680                     
   517                           ;/opt/microchip/xc8/v2.32/pic/sources/c99/common/doprnt.c: 1373:             ++*fmt;
   518  002680  0061  F4F4  F4D9   	movff	vfpfcnvrt@fmt,fsr2l
   519  002686  0061  F4F8  F4DA   	movff	vfpfcnvrt@fmt+1,fsr2h
   520  00268C  2ADE               	incf	postinc2,f,c
   521  00268E  0E00               	movlw	0
   522  002690  22DD               	addwfc	postdec2,f,c
   523  002692                     
   524                           ;/opt/microchip/xc8/v2.32/pic/sources/c99/common/doprnt.c: 1374:             fputc((int)
      +                          '%', fp);
   525  002692  0E00               	movlw	0
   526  002694  6E33               	movwf	(fputc@c+1)^(0+1280),c
   527  002696  0E25               	movlw	37
   528  002698  6E32               	movwf	fputc@c^(0+1280),c
   529  00269A  C53B  F534         	movff	vfpfcnvrt@fp,fputc@fp
   530  00269E  C53C  F535         	movff	vfpfcnvrt@fp+1,fputc@fp+1
   531  0026A2  EC88  F013         	call	_fputc	;wreg free
   532  0026A6                     l881:
   533                           
   534                           ;/opt/microchip/xc8/v2.32/pic/sources/c99/common/doprnt.c: 1375:             return 1;
   535  0026A6  0E00               	movlw	0
   536  0026A8  6E3C               	movwf	(?_vfpfcnvrt+1)^(0+1280),c
   537  0026AA  0E01               	movlw	1
   538  0026AC  6E3B               	movwf	?_vfpfcnvrt^(0+1280),c
   539  0026AE  EF87  F013         	goto	l747
   540  0026B2                     l885:
   541                           
   542                           ;/opt/microchip/xc8/v2.32/pic/sources/c99/common/doprnt.c: 1379:         ++*fmt;
   543  0026B2  0061  F4F4  F4D9   	movff	vfpfcnvrt@fmt,fsr2l
   544  0026B8  0061  F4F8  F4DA   	movff	vfpfcnvrt@fmt+1,fsr2h
   545  0026BE  2ADE               	incf	postinc2,f,c
   546  0026C0  0E00               	movlw	0
   547  0026C2  22DD               	addwfc	postdec2,f,c
   548  0026C4                     
   549                           ;/opt/microchip/xc8/v2.32/pic/sources/c99/common/doprnt.c: 1380:         return 0;
   550  0026C4  0E00               	movlw	0
   551  0026C6  6E3C               	movwf	(?_vfpfcnvrt+1)^(0+1280),c
   552  0026C8  0E00               	movlw	0
   553  0026CA  6E3B               	movwf	?_vfpfcnvrt^(0+1280),c
   554  0026CC  EF87  F013         	goto	l747
   555  0026D0                     l891:
   556                           
   557                           ;/opt/microchip/xc8/v2.32/pic/sources/c99/common/doprnt.c: 1384:     fputc((int)(*fmt)[0
      +                          ], fp);
   558  0026D0  0061  F4F4  F4D9   	movff	vfpfcnvrt@fmt,fsr2l
   559  0026D6  0061  F4F8  F4DA   	movff	vfpfcnvrt@fmt+1,fsr2h
   560  0026DC  C4DE F4F6          	movff	postinc2,tblptrl
   561  0026E0  C4DD F4F7          	movff	postdec2,tblptrh
   562  0026E4                     	if	0	;tblptru may be non-zero
   563  0026E4                     	endif
   564  0026E4                     	if	0	;tblptru may be non-zero
   565  0026E4                     	endif
   566  0026E4  0008               	tblrd		*
   567  0026E6  50F5               	movf	tablat,w,c
   568  0026E8  6E32               	movwf	fputc@c^(0+1280),c
   569  0026EA  6A33               	clrf	(fputc@c+1)^(0+1280),c
   570  0026EC  C53B  F534         	movff	vfpfcnvrt@fp,fputc@fp
   571  0026F0  C53C  F535         	movff	vfpfcnvrt@fp+1,fputc@fp+1
   572  0026F4  EC88  F013         	call	_fputc	;wreg free
   573  0026F8                     
   574                           ;/opt/microchip/xc8/v2.32/pic/sources/c99/common/doprnt.c: 1385:     ++*fmt;
   575  0026F8  0061  F4F4  F4D9   	movff	vfpfcnvrt@fmt,fsr2l
   576  0026FE  0061  F4F8  F4DA   	movff	vfpfcnvrt@fmt+1,fsr2h
   577  002704  2ADE               	incf	postinc2,f,c
   578  002706  0E00               	movlw	0
   579  002708  22DD               	addwfc	postdec2,f,c
   580  00270A  EF53  F013         	goto	l881
   581  00270E                     l747:
   582  00270E  0012               	return		;funcret
   583  002710                     __end_of_vfpfcnvrt:
   584                           	callstack 0
   585                           
   586 ;; *************** function _fputc *****************
   587 ;; Defined at:
   588 ;;		line 8 in file "/opt/microchip/xc8/v2.32/pic/sources/c99/common/nf_fputc.c"
   589 ;; Parameters:    Size  Location     Type
   590 ;;  c               2    1[COMRAM] int 
   591 ;;  fp              2    3[COMRAM] PTR struct _IO_FILE
   592 ;;		 -> NULL(0), 
   593 ;; Auto vars:     Size  Location     Type
   594 ;;		None
   595 ;; Return value:  Size  Location     Type
   596 ;;                  2    1[COMRAM] int 
   597 ;; Registers used:
   598 ;;		wreg, fsr1l, fsr1h, fsr2l, fsr2h, status,2, status,0, cstack
   599 ;; Tracked objects:
   600 ;;		On entry : 0/0
   601 ;;		On exit  : 0/0
   602 ;;		Unchanged: 0/0
   603 ;; Data sizes:     COMRAM   BANK5   BANK6   BANK7   BANK8   BANK9  BANK10  BANK11  BANK12  BANK13  BANK14  BANK15  BANK1
      +6  BANK17  BANK18  BANK19  BANK20  BANK21  BANK22  BANK23  BANK24  BANK25  BANK26  BANK27  BANK28  BANK29  BANK30  BANK3
      +1  BANK32  BANK33  BANK34  BANK35  BANK36  BANK37
   604 ;;      Params:         4       0       0       0       0       0       0       0       0       0       0       0       
      +0       0       0       0       0       0       0       0       0       0       0       0       0       0       0       
      +0       0       0       0       0       0       0
   605 ;;      Locals:         0       0       0       0       0       0       0       0       0       0       0       0       
      +0       0       0       0       0       0       0       0       0       0       0       0       0       0       0       
      +0       0       0       0       0       0       0
   606 ;;      Temps:          5       0       0       0       0       0       0       0       0       0       0       0       
      +0       0       0       0       0       0       0       0       0       0       0       0       0       0       0       
      +0       0       0       0       0       0       0
   607 ;;      Totals:         9       0       0       0       0       0       0       0       0       0       0       0       
      +0       0       0       0       0       0       0       0       0       0       0       0       0       0       0       
      +0       0       0       0       0       0       0
   608 ;;Total ram usage:        9 bytes
   609 ;; Hardware stack levels used: 1
   610 ;; Hardware stack levels required when called: 1
   611 ;; This function calls:
   612 ;;		_putch
   613 ;; This function is called by:
   614 ;;		_vfpfcnvrt
   615 ;; This function uses a non-reentrant model
   616 ;;
   617                           
   618                           	psect	text4
   619  002710                     __ptext4:
   620                           	callstack 0
   621  002710                     _fputc:
   622                           	callstack 122
   623  002710  5034               	movf	fputc@fp^(0+1280),w,c
   624  002712  1035               	iorwf	(fputc@fp+1)^(0+1280),w,c
   625  002714  B4D8               	btfsc	status,2,c
   626  002716  EF8F  F013         	goto	u91
   627  00271A  EF91  F013         	goto	u90
   628  00271E                     u91:
   629  00271E  EF9A  F013         	goto	l857
   630  002722                     u90:
   631  002722  5034               	movf	fputc@fp^(0+1280),w,c
   632  002724  1035               	iorwf	(fputc@fp+1)^(0+1280),w,c
   633  002726  A4D8               	btfss	status,2,c
   634  002728  EF98  F013         	goto	u101
   635  00272C  EF9A  F013         	goto	u100
   636  002730                     u101:
   637  002730  EF9F  F013         	goto	l859
   638  002734                     u100:
   639  002734                     l857:
   640  002734  5032               	movf	fputc@c^(0+1280),w,c
   641  002736  EC24  F014         	call	_putch
   642  00273A  EFD2  F013         	goto	l765
   643  00273E                     l859:
   644  00273E  EE20 F004          	lfsr	2,4
   645  002742  5034               	movf	fputc@fp^(0+1280),w,c
   646  002744  26D9               	addwf	fsr2l,f,c
   647  002746  5035               	movf	(fputc@fp+1)^(0+1280),w,c
   648  002748  22DA               	addwfc	fsr2h,f,c
   649  00274A  50DE               	movf	postinc2,w,c
   650  00274C  10DE               	iorwf	postinc2,w,c
   651  00274E  B4D8               	btfsc	status,2,c
   652  002750  EFAC  F013         	goto	u111
   653  002754  EFAE  F013         	goto	u110
   654  002758                     u111:
   655  002758  EFC9  F013         	goto	l863
   656  00275C                     u110:
   657  00275C  EE20 F004          	lfsr	2,4
   658  002760  5034               	movf	fputc@fp^(0+1280),w,c
   659  002762  26D9               	addwf	fsr2l,f,c
   660  002764  5035               	movf	(fputc@fp+1)^(0+1280),w,c
   661  002766  22DA               	addwfc	fsr2h,f,c
   662  002768  EE10 F002          	lfsr	1,2
   663  00276C  5034               	movf	fputc@fp^(0+1280),w,c
   664  00276E  26E1               	addwf	fsr1l,f,c
   665  002770  5035               	movf	(fputc@fp+1)^(0+1280),w,c
   666  002772  22E2               	addwfc	fsr1h,f,c
   667  002774  50DE               	movf	postinc2,w,c
   668  002776  5CE6               	subwf	postinc1,w,c
   669  002778  50E6               	movf	postinc1,w,c
   670  00277A  0A80               	xorlw	128
   671  00277C  6E3A               	movwf	(??_fputc+4)^(0+1280),c
   672  00277E  50DE               	movf	postinc2,w,c
   673  002780  0A80               	xorlw	128
   674  002782  583A               	subwfb	(??_fputc+4)^(0+1280),w,c
   675  002784  B0D8               	btfsc	status,0,c
   676  002786  EFC7  F013         	goto	u121
   677  00278A  EFC9  F013         	goto	u120
   678  00278E                     u121:
   679  00278E  EFD2  F013         	goto	l765
   680  002792                     u120:
   681  002792                     l863:
   682  002792  EE20 F002          	lfsr	2,2
   683  002796  5034               	movf	fputc@fp^(0+1280),w,c
   684  002798  26D9               	addwf	fsr2l,f,c
   685  00279A  5035               	movf	(fputc@fp+1)^(0+1280),w,c
   686  00279C  22DA               	addwfc	fsr2h,f,c
   687  00279E  2ADE               	incf	postinc2,f,c
   688  0027A0  0E00               	movlw	0
   689  0027A2  22DD               	addwfc	postdec2,f,c
   690  0027A4                     l765:
   691  0027A4  0012               	return		;funcret
   692  0027A6                     __end_of_fputc:
   693                           	callstack 0
   694                           
   695 ;; *************** function _putch *****************
   696 ;; Defined at:
   697 ;;		line 32 in file "main.c"
   698 ;; Parameters:    Size  Location     Type
   699 ;;  data            1    wreg     unsigned char 
   700 ;; Auto vars:     Size  Location     Type
   701 ;;  data            1    0[COMRAM] unsigned char 
   702 ;; Return value:  Size  Location     Type
   703 ;;                  1    wreg      void 
   704 ;; Registers used:
   705 ;;		wreg
   706 ;; Tracked objects:
   707 ;;		On entry : 0/0
   708 ;;		On exit  : 0/0
   709 ;;		Unchanged: 0/0
   710 ;; Data sizes:     COMRAM   BANK5   BANK6   BANK7   BANK8   BANK9  BANK10  BANK11  BANK12  BANK13  BANK14  BANK15  BANK1
      +6  BANK17  BANK18  BANK19  BANK20  BANK21  BANK22  BANK23  BANK24  BANK25  BANK26  BANK27  BANK28  BANK29  BANK30  BANK3
      +1  BANK32  BANK33  BANK34  BANK35  BANK36  BANK37
   711 ;;      Params:         0       0       0       0       0       0       0       0       0       0       0       0       
      +0       0       0       0       0       0       0       0       0       0       0       0       0       0       0       
      +0       0       0       0       0       0       0
   712 ;;      Locals:         1       0       0       0       0       0       0       0       0       0       0       0       
      +0       0       0       0       0       0       0       0       0       0       0       0       0       0       0       
      +0       0       0       0       0       0       0
   713 ;;      Temps:          0       0       0       0       0       0       0       0       0       0       0       0       
      +0       0       0       0       0       0       0       0       0       0       0       0       0       0       0       
      +0       0       0       0       0       0       0
   714 ;;      Totals:         1       0       0       0       0       0       0       0       0       0       0       0       
      +0       0       0       0       0       0       0       0       0       0       0       0       0       0       0       
      +0       0       0       0       0       0       0
   715 ;;Total ram usage:        1 bytes
   716 ;; Hardware stack levels used: 1
   717 ;; This function calls:
   718 ;;		Nothing
   719 ;; This function is called by:
   720 ;;		_fputc
   721 ;; This function uses a non-reentrant model
   722 ;;
   723                           
   724                           	psect	text5
   725  002848                     __ptext5:
   726                           	callstack 0
   727  002848                     _putch:
   728                           	callstack 122
   729                           
   730                           ;incstack = 0
   731                           ;putch@data stored from wreg
   732  002848  6E31               	movwf	putch@data^(0+1280),c
   733  00284A                     l30:
   734                           
   735                           ;main.c: 33:     while( ! U1ERRIRbits.TXMTIF)
   736  00284A  0102               	movlb	2	; () banked
   737  00284C  AFB2               	btfss	178,7,b	;volatile
   738  00284E  EF2B  F014         	goto	u11
   739  002852  EF2D  F014         	goto	u10
   740  002856                     u11:
   741  002856  EF25  F014         	goto	l30
   742  00285A                     u10:
   743  00285A                     
   744                           ; BSR set to: 2
   745                           ;main.c: 35:     U1TXB = data;
   746  00285A  0061  F4C4  F2A3   	movff	putch@data,675	;volatile
   747  002860                     
   748                           ; BSR set to: 2
   749  002860  0012               	return		;funcret
   750  002862                     __end_of_putch:
   751                           	callstack 0
   752                           
   753 ;; *************** function _init_uart *****************
   754 ;; Defined at:
   755 ;;		line 26 in file "main.c"
   756 ;; Parameters:    Size  Location     Type
   757 ;;		None
   758 ;; Auto vars:     Size  Location     Type
   759 ;;		None
   760 ;; Return value:  Size  Location     Type
   761 ;;                  1    wreg      void 
   762 ;; Registers used:
   763 ;;		None
   764 ;; Tracked objects:
   765 ;;		On entry : 0/0
   766 ;;		On exit  : 0/0
   767 ;;		Unchanged: 0/0
   768 ;; Data sizes:     COMRAM   BANK5   BANK6   BANK7   BANK8   BANK9  BANK10  BANK11  BANK12  BANK13  BANK14  BANK15  BANK1
      +6  BANK17  BANK18  BANK19  BANK20  BANK21  BANK22  BANK23  BANK24  BANK25  BANK26  BANK27  BANK28  BANK29  BANK30  BANK3
      +1  BANK32  BANK33  BANK34  BANK35  BANK36  BANK37
   769 ;;      Params:         0       0       0       0       0       0       0       0       0       0       0       0       
      +0       0       0       0       0       0       0       0       0       0       0       0       0       0       0       
      +0       0       0       0       0       0       0
   770 ;;      Locals:         0       0       0       0       0       0       0       0       0       0       0       0       
      +0       0       0       0       0       0       0       0       0       0       0       0       0       0       0       
      +0       0       0       0       0       0       0
   771 ;;      Temps:          0       0       0       0       0       0       0       0       0       0       0       0       
      +0       0       0       0       0       0       0       0       0       0       0       0       0       0       0       
      +0       0       0       0       0       0       0
   772 ;;      Totals:         0       0       0       0       0       0       0       0       0       0       0       0       
      +0       0       0       0       0       0       0       0       0       0       0       0       0       0       0       
      +0       0       0       0       0       0       0
   773 ;;Total ram usage:        0 bytes
   774 ;; Hardware stack levels used: 1
   775 ;; This function calls:
   776 ;;		Nothing
   777 ;; This function is called by:
   778 ;;		_main
   779 ;; This function uses a non-reentrant model
   780 ;;
   781                           
   782                           	psect	text6
   783  00287A                     __ptext6:
   784                           	callstack 0
   785  00287A                     _init_uart:
   786                           	callstack 126
   787  00287A                     
   788                           ;main.c: 27:     U1CON0bits.TXEN = 1;
   789  00287A  0102               	movlb	2	; () banked
   790  00287C  8BAB               	bsf	171,5,b	;volatile
   791                           
   792                           ;main.c: 28:     U1CON1bits.ON = 1;
   793  00287E  8FAC               	bsf	172,7,b	;volatile
   794  002880                     
   795                           ; BSR set to: 2
   796  002880  0012               	return		;funcret
   797  002882                     __end_of_init_uart:
   798                           	callstack 0
   799                           
   800                           	psect	rparam
   801  0000                     
   802                           	psect	idloc
   803                           
   804                           ;Config register IDLOC0 @ 0x200000
   805                           ;	unspecified, using default values
   806  200000                     	org	2097152
   807  200000  0FFF               	dw	4095
   808                           
   809                           ;Config register IDLOC1 @ 0x200002
   810                           ;	unspecified, using default values
   811  200002                     	org	2097154
   812  200002  0FFF               	dw	4095
   813                           
   814                           ;Config register IDLOC2 @ 0x200004
   815                           ;	unspecified, using default values
   816  200004                     	org	2097156
   817  200004  0FFF               	dw	4095
   818                           
   819                           ;Config register IDLOC3 @ 0x200006
   820                           ;	unspecified, using default values
   821  200006                     	org	2097158
   822  200006  0FFF               	dw	4095
   823                           
   824                           ;Config register IDLOC4 @ 0x200008
   825                           ;	unspecified, using default values
   826  200008                     	org	2097160
   827  200008  0FFF               	dw	4095
   828                           
   829                           ;Config register IDLOC5 @ 0x20000A
   830                           ;	unspecified, using default values
   831  20000A                     	org	2097162
   832  20000A  0FFF               	dw	4095
   833                           
   834                           ;Config register IDLOC6 @ 0x20000C
   835                           ;	unspecified, using default values
   836  20000C                     	org	2097164
   837  20000C  0FFF               	dw	4095
   838                           
   839                           ;Config register IDLOC7 @ 0x20000E
   840                           ;	unspecified, using default values
   841  20000E                     	org	2097166
   842  20000E  0FFF               	dw	4095
   843                           
   844                           ;Config register IDLOC8 @ 0x200010
   845                           ;	unspecified, using default values
   846  200010                     	org	2097168
   847  200010  0FFF               	dw	4095
   848                           
   849                           ;Config register IDLOC9 @ 0x200012
   850                           ;	unspecified, using default values
   851  200012                     	org	2097170
   852  200012  0FFF               	dw	4095
   853                           
   854                           ;Config register IDLOC10 @ 0x200014
   855                           ;	unspecified, using default values
   856  200014                     	org	2097172
   857  200014  0FFF               	dw	4095
   858                           
   859                           ;Config register IDLOC11 @ 0x200016
   860                           ;	unspecified, using default values
   861  200016                     	org	2097174
   862  200016  0FFF               	dw	4095
   863                           
   864                           ;Config register IDLOC12 @ 0x200018
   865                           ;	unspecified, using default values
   866  200018                     	org	2097176
   867  200018  0FFF               	dw	4095
   868                           
   869                           ;Config register IDLOC13 @ 0x20001A
   870                           ;	unspecified, using default values
   871  20001A                     	org	2097178
   872  20001A  0FFF               	dw	4095
   873                           
   874                           ;Config register IDLOC14 @ 0x20001C
   875                           ;	unspecified, using default values
   876  20001C                     	org	2097180
   877  20001C  0FFF               	dw	4095
   878                           
   879                           ;Config register IDLOC15 @ 0x20001E
   880                           ;	unspecified, using default values
   881  20001E                     	org	2097182
   882  20001E  0FFF               	dw	4095
   883                           
   884                           	psect	config
   885                           
   886                           ;Config register CONFIG1 @ 0x300000
   887                           ;	unspecified, using default values
   888                           ;	External Oscillator Selection
   889                           ;	FEXTOSC = 0x7, unprogrammed default
   890                           ;	Reset Oscillator Selection
   891                           ;	RSTOSC = 0x7, unprogrammed default
   892  300000                     	org	3145728
   893  300000  FF                 	db	255
   894                           
   895                           ;Config register CONFIG2 @ 0x300001
   896                           ;	unspecified, using default values
   897                           ;	Clock out Enable bit
   898                           ;	CLKOUTEN = 0x1, unprogrammed default
   899                           ;	PRLOCKED One-Way Set Enable bit
   900                           ;	PR1WAY = 0x1, unprogrammed default
   901                           ;	Clock Switch Enable bit
   902                           ;	CSWEN = 0x1, unprogrammed default
   903                           ;	Fail-Safe Clock Monitor Enable bit
   904                           ;	FCMEN = 0x1, unprogrammed default
   905  300001                     	org	3145729
   906  300001  FF                 	db	255
   907                           
   908                           ;Config register CONFIG3 @ 0x300002
   909                           ;	unspecified, using default values
   910                           ;	MCLR Enable bit
   911                           ;	MCLRE = 0x1, unprogrammed default
   912                           ;	Power-up timer selection bits
   913                           ;	PWRTS = 0x3, unprogrammed default
   914                           ;	Multi-vector enable bit
   915                           ;	MVECEN = 0x1, unprogrammed default
   916                           ;	IVTLOCK bit One-way set enable bit
   917                           ;	IVT1WAY = 0x1, unprogrammed default
   918                           ;	Low Power BOR Enable bit
   919                           ;	LPBOREN = 0x1, unprogrammed default
   920                           ;	Brown-out Reset Enable bits
   921                           ;	BOREN = 0x3, unprogrammed default
   922  300002                     	org	3145730
   923  300002  FF                 	db	255
   924                           
   925                           ;Config register CONFIG4 @ 0x300003
   926                           ;	unspecified, using default values
   927                           ;	Brown-out Reset Voltage Selection bits
   928                           ;	BORV = 0x3, unprogrammed default
   929                           ;	ZCD Disable bit
   930                           ;	ZCD = 0x1, unprogrammed default
   931                           ;	PPSLOCK bit One-Way Set Enable bit
   932                           ;	PPS1WAY = 0x1, unprogrammed default
   933                           ;	Stack Full/Underflow Reset Enable bit
   934                           ;	STVREN = 0x1, unprogrammed default
   935                           ;	Low Voltage Programming Enable bit
   936                           ;	LVP = 0x1, unprogrammed default
   937                           ;	Extended Instruction Set Enable bit
   938                           ;	XINST = 0x1, unprogrammed default
   939  300003                     	org	3145731
   940  300003  FF                 	db	255
   941                           
   942                           ;Config register CONFIG5 @ 0x300004
   943                           ;	unspecified, using default values
   944                           ;	WDT Period selection bits
   945                           ;	WDTCPS = 0x1F, unprogrammed default
   946                           ;	WDT operating mode
   947                           ;	WDTE = 0x3, unprogrammed default
   948  300004                     	org	3145732
   949  300004  FF                 	db	255
   950                           
   951                           ;Config register CONFIG6 @ 0x300005
   952                           ;	unspecified, using default values
   953                           ;	WDT Window Select bits
   954                           ;	WDTCWS = 0x7, unprogrammed default
   955                           ;	WDT input clock selector
   956                           ;	WDTCCS = 0x7, unprogrammed default
   957  300005                     	org	3145733
   958  300005  FF                 	db	255
   959                           
   960                           ;Config register CONFIG7 @ 0x300006
   961                           ;	unspecified, using default values
   962                           ;	Boot Block Size selection bits
   963                           ;	BBSIZE = 0x7, unprogrammed default
   964                           ;	Boot Block enable bit
   965                           ;	BBEN = 0x1, unprogrammed default
   966                           ;	Storage Area Flash enable bit
   967                           ;	SAFEN = 0x1, unprogrammed default
   968                           ;	Background Debugger
   969                           ;	DEBUG = 0x1, unprogrammed default
   970  300006                     	org	3145734
   971  300006  FF                 	db	255
   972                           
   973                           ;Config register CONFIG8 @ 0x300007
   974                           ;	unspecified, using default values
   975                           ;	Boot Block Write Protection bit
   976                           ;	WRTB = 0x1, unprogrammed default
   977                           ;	Configuration Register Write Protection bit
   978                           ;	WRTC = 0x1, unprogrammed default
   979                           ;	Data EEPROM Write Protection bit
   980                           ;	WRTD = 0x1, unprogrammed default
   981                           ;	SAF Write protection bit
   982                           ;	WRTSAF = 0x1, unprogrammed default
   983                           ;	Application Block write protection bit
   984                           ;	WRTAPP = 0x1, unprogrammed default
   985  300007                     	org	3145735
   986  300007  FF                 	db	255
   987                           
   988                           ; Padding undefined space
   989  300008                     	org	3145736
   990  300008  FF                 	db	255
   991                           
   992                           ;Config register CONFIG10 @ 0x300009
   993                           ;	unspecified, using default values
   994                           ;	PFM and Data EEPROM Code Protection bit
   995                           ;	CP = 0x1, unprogrammed default
   996  300009                     	org	3145737
   997  300009  FF                 	db	255
   998                           tosu	equ	0x4FF
   999                           tosh	equ	0x4FE
  1000                           tosl	equ	0x4FD
  1001                           stkptr	equ	0x4FC
  1002                           pclatu	equ	0x4FB
  1003                           pclath	equ	0x4FA
  1004                           pcl	equ	0x4F9
  1005                           tblptru	equ	0x4F8
  1006                           tblptrh	equ	0x4F7
  1007                           tblptrl	equ	0x4F6
  1008                           tablat	equ	0x4F5
  1009                           prodh	equ	0x4F4
  1010                           prodl	equ	0x4F3
  1011                           indf0	equ	0x4EF
  1012                           postinc0	equ	0x4EE
  1013                           postdec0	equ	0x4ED
  1014                           preinc0	equ	0x4EC
  1015                           plusw0	equ	0x4EB
  1016                           fsr0h	equ	0x4EA
  1017                           fsr0l	equ	0x4E9
  1018                           wreg	equ	0x4E8
  1019                           indf1	equ	0x4E7
  1020                           postinc1	equ	0x4E6
  1021                           postdec1	equ	0x4E5
  1022                           preinc1	equ	0x4E4
  1023                           plusw1	equ	0x4E3
  1024                           fsr1h	equ	0x4E2
  1025                           fsr1l	equ	0x4E1
  1026                           bsr	equ	0x4E0
  1027                           indf2	equ	0x4DF
  1028                           postinc2	equ	0x4DE
  1029                           postdec2	equ	0x4DD
  1030                           preinc2	equ	0x4DC
  1031                           plusw2	equ	0x4DB
  1032                           fsr2h	equ	0x4DA
  1033                           fsr2l	equ	0x4D9
  1034                           status	equ	0x4D8

Data Sizes:
    Strings     8
    Constant    0
    Data        0
    BSS         48
    Persistent  0
    Stack       0

Auto Spaces:
    Space          Size  Autos    Used
    COMRAM           95     28      76
    BANK5           160      0       0
    BANK6           256      0       0
    BANK7           256      0       0
    BANK8           256      0       0
    BANK9           256      0       0
    BANK10          256      0       0
    BANK11          256      0       0
    BANK12          256      0       0
    BANK13          256      0       0
    BANK14          256      0       0
    BANK15          256      0       0
    BANK16          256      0       0
    BANK17          256      0       0
    BANK18          256      0       0
    BANK19          256      0       0
    BANK20          256      0       0
    BANK21          256      0       0
    BANK22          256      0       0
    BANK23          256      0       0
    BANK24          256      0       0
    BANK25          256      0       0
    BANK26          256      0       0
    BANK27          256      0       0
    BANK28          256      0       0
    BANK29          256      0       0
    BANK30          256      0       0
    BANK31          256      0       0
    BANK32          256      0       0
    BANK33          256      0       0
    BANK34          256      0       0
    BANK35          256      0       0
    BANK36          256      0       0
    BANK37          256      0       0

Pointer List with Targets:

    vfpfcnvrt@ap	PTR PTR void  size(2) Largest target is 2
		 -> printf@ap(COMRAM[2]), 

    S632_IO_FILE$buffer	PTR unsigned char  size(2) Largest target is 0

    fputc@fp.buffer	PTR unsigned char  size(2) Largest target is 0

    fputc@fp	PTR struct _IO_FILE size(2) Largest target is 0
		 -> NULL(NULL[0]), 

    vfprintf@ap	PTR PTR void  size(2) Largest target is 2
		 -> printf@ap(COMRAM[2]), 

    vfprintf@fp	PTR struct _IO_FILE size(2) Largest target is 0
		 -> NULL(NULL[0]), 

    vfprintf@fmt	PTR const unsigned char  size(2) Largest target is 8
		 -> STR_1(CODE[8]), 

    vfprintf@cfmt	PTR unsigned char  size(2) Largest target is 8
		 -> STR_1(CODE[8]), 

    vfpfcnvrt@fp	PTR struct _IO_FILE size(2) Largest target is 0
		 -> NULL(NULL[0]), 

    vfpfcnvrt@fmt	PTR PTR unsigned char  size(2) Largest target is 2
		 -> vfprintf@cfmt(COMRAM[2]), 

    printf@fmt	PTR const unsigned char  size(2) Largest target is 8
		 -> STR_1(CODE[8]), 

    printf@ap	PTR void [1] size(2) Largest target is 2
		 -> ?_printf(COMRAM[2]), 


Critical Paths under _main in COMRAM

    _main->_printf
    _printf->_vfprintf
    _vfprintf->_vfpfcnvrt
    _vfpfcnvrt->_fputc
    _fputc->_putch

Critical Paths under _main in BANK5

    None.

Critical Paths under _main in BANK6

    None.

Critical Paths under _main in BANK7

    None.

Critical Paths under _main in BANK8

    None.

Critical Paths under _main in BANK9

    None.

Critical Paths under _main in BANK10

    None.

Critical Paths under _main in BANK11

    None.

Critical Paths under _main in BANK12

    None.

Critical Paths under _main in BANK13

    None.

Critical Paths under _main in BANK14

    None.

Critical Paths under _main in BANK15

    None.

Critical Paths under _main in BANK16

    None.

Critical Paths under _main in BANK17

    None.

Critical Paths under _main in BANK18

    None.

Critical Paths under _main in BANK19

    None.

Critical Paths under _main in BANK20

    None.

Critical Paths under _main in BANK21

    None.

Critical Paths under _main in BANK22

    None.

Critical Paths under _main in BANK23

    None.

Critical Paths under _main in BANK24

    None.

Critical Paths under _main in BANK25

    None.

Critical Paths under _main in BANK26

    None.

Critical Paths under _main in BANK27

    None.

Critical Paths under _main in BANK28

    None.

Critical Paths under _main in BANK29

    None.

Critical Paths under _main in BANK30

    None.

Critical Paths under _main in BANK31

    None.

Critical Paths under _main in BANK32

    None.

Critical Paths under _main in BANK33

    None.

Critical Paths under _main in BANK34

    None.

Critical Paths under _main in BANK35

    None.

Critical Paths under _main in BANK36

    None.

Critical Paths under _main in BANK37

    None.

Call Graph Tables:

 ---------------------------------------------------------------------------------
 (Depth) Function   	        Calls       Base Space   Used Autos Params    Refs
 ---------------------------------------------------------------------------------
 (0) _main                                                 0     0      0    1635
                          _init_uart
                             _printf
 ---------------------------------------------------------------------------------
 (1) _printf                                               6     4      2    1635
                                             24 COMRAM     4     2      2
                           _vfprintf
 ---------------------------------------------------------------------------------
 (2) _vfprintf                                             8     2      6    1507
                                             16 COMRAM     8     2      6
                          _vfpfcnvrt
 ---------------------------------------------------------------------------------
 (3) _vfpfcnvrt                                           40    34      6    1157
                                             10 COMRAM     6     0      6
                              _fputc
 ---------------------------------------------------------------------------------
 (4) _fputc                                                9     5      4     731
                                              1 COMRAM     9     5      4
                              _putch
 ---------------------------------------------------------------------------------
 (5) _putch                                                1     1      0      15
                                              0 COMRAM     1     1      0
 ---------------------------------------------------------------------------------
 (1) _init_uart                                            0     0      0       0
 ---------------------------------------------------------------------------------
 Estimated maximum stack depth 5
 ---------------------------------------------------------------------------------

 Call Graph Graphs:

 _main (ROOT)
   _init_uart
   _printf
     _vfprintf
       _vfpfcnvrt
         _fputc
           _putch

 Address spaces:
Name               Size   Autos  Total    Cost      Usage
BIGRAM            20FF      0       0      71        0.0%
EEDATA             400      0       0       0        0.0%
BITBANK37          100      0       0      70        0.0%
BANK37             100      0       0      68        0.0%
BITBANK36          100      0       0      66        0.0%
BANK36             100      0       0      67        0.0%
BITBANK35          100      0       0      64        0.0%
BANK35             100      0       0      65        0.0%
BITBANK34          100      0       0      62        0.0%
BANK34             100      0       0      63        0.0%
BITBANK33          100      0       0      60        0.0%
BANK33             100      0       0      61        0.0%
BITBANK32          100      0       0      58        0.0%
BANK32             100      0       0      59        0.0%
BITBANK31          100      0       0      56        0.0%
BANK31             100      0       0      57        0.0%
BITBANK30          100      0       0      54        0.0%
BANK30             100      0       0      55        0.0%
BITBANK29          100      0       0      52        0.0%
BANK29             100      0       0      53        0.0%
BITBANK28          100      0       0      50        0.0%
BANK28             100      0       0      51        0.0%
BITBANK27          100      0       0      48        0.0%
BANK27             100      0       0      49        0.0%
BITBANK26          100      0       0      46        0.0%
BANK26             100      0       0      47        0.0%
BITBANK25          100      0       0      44        0.0%
BANK25             100      0       0      45        0.0%
BITBANK24          100      0       0      42        0.0%
BANK24             100      0       0      43        0.0%
BITBANK23          100      0       0      40        0.0%
BANK23             100      0       0      41        0.0%
BITBANK22          100      0       0      38        0.0%
BANK22             100      0       0      39        0.0%
BITBANK21          100      0       0      36        0.0%
BANK21             100      0       0      37        0.0%
BITBANK20          100      0       0      34        0.0%
BANK20             100      0       0      35        0.0%
BITBANK19          100      0       0      32        0.0%
BANK19             100      0       0      33        0.0%
BITBANK18          100      0       0      30        0.0%
BANK18             100      0       0      31        0.0%
BITBANK17          100      0       0      28        0.0%
BANK17             100      0       0      29        0.0%
BITBANK16          100      0       0      26        0.0%
BANK16             100      0       0      27        0.0%
BITBANK15          100      0       0      24        0.0%
BANK15             100      0       0      25        0.0%
BITBANK14          100      0       0      22        0.0%
BANK14             100      0       0      23        0.0%
BITBANK13          100      0       0      20        0.0%
BANK13             100      0       0      21        0.0%
BITBANK12          100      0       0      18        0.0%
BANK12             100      0       0      19        0.0%
BITBANK11          100      0       0      16        0.0%
BANK11             100      0       0      17        0.0%
BITBANK10          100      0       0      14        0.0%
BANK10             100      0       0      15        0.0%
BITBANK9           100      0       0      12        0.0%
BANK9              100      0       0      13        0.0%
BITBANK8           100      0       0      10        0.0%
BANK8              100      0       0      11        0.0%
BITBANK7           100      0       0       8        0.0%
BANK7              100      0       0       9        0.0%
BITBANK6           100      0       0       6        0.0%
BANK6              100      0       0       7        0.0%
BITBANK5            A0      0       0       4        0.0%
BANK5               A0      0       0       5        0.0%
BITCOMRAM           5F      0       0       0        0.0%
COMRAM              5F     1C      4C       1       80.0%
BITSFR_5             0      0       0     200        0.0%
SFR_5                0      0       0     200        0.0%
BITSFR_4             0      0       0     200        0.0%
SFR_4                0      0       0     200        0.0%
BITSFR_3             0      0       0     200        0.0%
SFR_3                0      0       0     200        0.0%
BITSFR_2             0      0       0     200        0.0%
SFR_2                0      0       0     200        0.0%
BITSFR_1             0      0       0     200        0.0%
SFR_1                0      0       0     200        0.0%
BITSFR               0      0       0     200        0.0%
SFR                  0      0       0     200        0.0%
STACK                0      0       0       2        0.0%
NULL                 0      0       0       0        0.0%
ABS                  0      0      4C      69        0.0%
DATA                 0      0      4C       3        0.0%
CODE                 0      0       0       0        0.0%


Microchip Technology PIC18 Macro Assembler V2.32 build 20210201212658 
Symbol Table                                                                                   Thu Jan 27 22:10:48 2022

                     l21 2872                       l30 284A                       l22 2872  
                     l33 2860                       l27 2880                       u10 285A  
                     u11 2856                       u90 2722                       u91 271E  
                    l714 282C                      l901 27AE                      l903 27BA  
                    l752 27FE                      l841 287A                      l753 2806  
                    l905 27DE                      l913 2862                      l747 270E  
                    l907 2808                      l915 2866                      l781 284A  
                    l861 275C                      l765 27A4                      l853 2710  
                    l909 2810                      l783 285A                      l863 2792  
                    l855 2722                      l871 2644                      l857 2734  
                    l881 26A6                      l873 2654                      l859 273E  
                    l875 2658                      l891 26D0                      l867 260A  
                    l893 26F8                      l877 2680                      l885 26B2  
                    l869 2632                      l887 26C4                      l879 2692  
                    l899 27A6                      u100 2734                      u101 2730  
                    u110 275C                      u111 2758                      u120 2792  
                    u121 278E                      u130 2632                      u131 262E  
                    u140 2680                      u141 267C                      u150 27FE  
                    u151 27FA                      wreg 0004E8                     STR_1 2601  
                   _dbuf 0501                     _main 2862                     _prec 052D  
                   _nout 0529                     fsr1h 0004E2                     fsr2h 0004DA  
                   fsr1l 0004E1                     fsr2l 0004D9                     start FFFC  
           ___param_bank 000000                    ?_main 0531                    _U1TXB 0002A3  
           vfpfcnvrt@fmt 053D                    _flags 052F                    _fputc 2710  
                  _myVar 0525                    _width 052B                    _putch 2848  
                  tablat 0004F5                    status 0004D8          __initialization 282E  
           __end_of_main 287A                   ??_main 054D            __activetblptr 000001  
                 ?_fputc 0532                   ?_putch 0531             vfprintf@cfmt 0547  
                 clear_0 2834                   isa$std 000001                   _printf 2808  
                 fputc@c 0532             __mediumconst 0000                   tblptrh 0004F7  
                 tblptrl 0004F6                   tblptru 0004F8         __end_of_vfprintf 2808  
             __accesstop 0560  __end_of__initialization 283A            ___rparam_used 000001  
         __pcstackCOMRAM 0531            __end_of_fputc 27A6            __end_of_putch 2862  
                ??_fputc 0536                  ??_putch 0531       __size_of_init_uart 0008  
                ?_printf 0549       __size_of_vfpfcnvrt 0106                  __Hparam 0000  
                __Lparam 0000                ?_vfprintf 0541             __psmallconst 2600  
                __pcinit 282E                  __ramtop 2600                  __ptext0 2862  
                __ptext1 2808                  __ptext2 27A6                  __ptext3 260A  
                __ptext4 2710                  __ptext5 2848                  __ptext6 287A  
        __size_of_printf 0026                  _myFloat 0521        __end_of_init_uart 2882  
   end_of_initialization 283A                  fputc@fp 0534        __end_of_vfpfcnvrt 2710  
                postdec2 0004DD                  postinc0 0004EE                  postinc1 0004E6  
                postinc2 0004DE               ??_vfprintf 0547              vfpfcnvrt@ap 053F  
            vfpfcnvrt@fp 053B           __end_of_printf 282E      start_initialization 282E  
            vfprintf@fmt 0543                 ??_printf 054B              __pbssCOMRAM 0501  
      __size_of_vfprintf 0062              __smallconst 2600                _init_uart 287A  
         __size_of_fputc 0096              _U1ERRIRbits 0002B2           __size_of_putch 001A  
              _vfpfcnvrt 260A               ?_init_uart 0531                 __Hrparam 0000  
             vfprintf@ap 0545                 __Lrparam 0000               vfprintf@fp 0541  
           __Lsmallconst 2600               ?_vfpfcnvrt 053B               _U1CON0bits 0002AB  
             _U1CON1bits 0002AC            __size_of_main 0018                 isa$xinst 000000  
               _vfprintf 27A6                printf@fmt 0549                putch@data 0531  
            ??_init_uart 0531                 printf@ap 054B              ??_vfpfcnvrt 0541  
