

Microchip MPLAB XC8 Assembler V2.32 build 20210201212658 
                                                                                               Fri Jan 28 13:34:52 2022

Microchip MPLAB XC8 C Compiler v2.32 (Free license) build 20210201212658 Og1 
     1                           	processor	18F57Q43
     2                           	fnconf	rparam,??,?,0
     3                           	pagewidth 120
     4                           	opt	flic
     5                           	psect	smallconst,global,reloc=2,class=SMALLCONST,delta=1,noexec
     6                           	psect	cinit,global,reloc=2,class=CODE,delta=1
     7                           	psect	bssCOMRAM,global,class=COMRAM,space=1,delta=1,lowdata,noexec
     8                           	psect	cstackCOMRAM,global,class=COMRAM,space=1,delta=1,lowdata,noexec
     9                           	psect	text0,global,reloc=2,class=CODE,delta=1
    10                           	psect	text1,global,reloc=2,class=CODE,delta=1,group=3
    11                           	psect	text2,global,reloc=2,class=CODE,delta=1,group=1
    12                           	psect	text3,global,reloc=2,class=CODE,delta=1,group=1
    13                           	psect	text4,global,reloc=2,class=CODE,delta=1,group=3
    14                           	psect	text5,global,reloc=2,class=CODE,delta=1
    15                           	psect	text6,global,reloc=2,class=CODE,delta=1
    16                           	psect	intsave_regs,global,class=BIGRAM,space=1,delta=1,noexec
    17                           	psect	rparam,global,class=COMRAM,space=1,delta=1,noexec
    18                           	psect	idloc,global,abs,ovrld,class=IDLOC,space=5,delta=1,noexec
    19                           	psect	config,global,abs,ovrld,class=CONFIG,space=4,delta=1,noexec
    20  0000                     
    21                           ; Version 2.35
    22                           ; Generated 04/06/2021 GMT
    23                           ; 
    24                           ; Copyright Â© 2021, Microchip Technology Inc. and its subsidiaries ("Microchip")
    25                           ; All rights reserved.
    26                           ; 
    27                           ; This software is developed by Microchip Technology Inc. and its subsidiaries ("Microch
      +                          ip").
    28                           ; 
    29                           ; Redistribution and use in source and binary forms, with or without modification, are
    30                           ; permitted provided that the following conditions are met:
    31                           ; 
    32                           ;     1. Redistributions of source code must retain the above copyright notice, this lis
      +                          t of
    33                           ;        conditions and the following disclaimer.
    34                           ; 
    35                           ;     2. Redistributions in binary form must reproduce the above copyright notice, this 
      +                          list
    36                           ;        of conditions and the following disclaimer in the documentation and/or other
    37                           ;        materials provided with the distribution. Publication is not required when
    38                           ;        this file is used in an embedded application.
    39                           ; 
    40                           ;     3. Microchip's name may not be used to endorse or promote products derived from th
      +                          is
    41                           ;        software without specific prior written permission.
    42                           ; 
    43                           ; THIS SOFTWARE IS PROVIDED BY MICROCHIP "AS IS" AND ANY EXPRESS OR IMPLIED WARRANTIES,
    44                           ; INCLUDING, BUT NOT LIMITED TO, THE IMPLIED WARRANTIES OF MERCHANTABILITY AND FITNESS F
      +                          OR
    45                           ; PURPOSE ARE DISCLAIMED.  IN NO EVENT SHALL MICROCHIP BE LIABLE FOR ANY DIRECT, INDIREC
      +                          T,
    46                           ; INCIDENTAL, SPECIAL, EXEMPLARY, OR CONSEQUENTIAL DAMAGES (INCLUDING BUT NOT LIMITED TO
    47                           ; PROCUREMENT OF SUBSTITUTE GOODS OR SERVICES; LOSS OF USE, DATA OR PROFITS; OR BUSINESS
    48                           ; INTERRUPTION) HOWSOEVER CAUSED AND ON ANY THEORY OF LIABILITY, WHETHER IN CONTRACT, ST
      +                          RICT
    49                           ; LIABILITY, OR TORT (INCLUDING NEGLIGENCE OR OTHERWISE) ARISING IN ANY WAY OUT OF THE U
      +                          SE OF
    50                           ; THIS SOFTWARE, EVEN IF ADVISED OF THE POSSIBILITY OF SUCH DAMAGE.
    51                           ; 
    52                           ; 
    53                           ; Code-generator required, PIC18F57Q43 Definitions
    54                           ; 
    55                           ; SFR Addresses
    56  0000                     _U1TXB	set	675
    57  0000                     _U1ERRIRbits	set	690
    58  0000                     _U1CON1bits	set	684
    59  0000                     _U1CON0bits	set	683
    60                           
    61                           	psect	smallconst
    62  002600                     __psmallconst:
    63                           	callstack 0
    64  002600  00                 	db	0
    65  002601                     STR_1:
    66                           
    67                           ; BSR set to: 2
    68  002601  50                 	db	80	;'P'
    69  002602  72                 	db	114	;'r'
    70  002603  75                 	db	117	;'u'
    71  002604  65                 	db	101	;'e'
    72  002605  62                 	db	98	;'b'
    73  002606  61                 	db	97	;'a'
    74  002607  20                 	db	32
    75  002608  64                 	db	100	;'d'
    76  002609  65                 	db	101	;'e'
    77  00260A  20                 	db	32
    78  00260B  69                 	db	105	;'i'
    79  00260C  6D                 	db	109	;'m'
    80  00260D  70                 	db	112	;'p'
    81  00260E  72                 	db	114	;'r'
    82  00260F  65                 	db	101	;'e'
    83  002610  73                 	db	115	;'s'
    84  002611  69                 	db	105	;'i'
    85  002612  F3                 	db	-13
    86  002613  6E                 	db	110	;'n'
    87  002614  00                 	db	0
    88  002615  00                 	db	0	; dummy byte at the end
    89  0000                     
    90                           ; #config settings
    91                           
    92                           	psect	cinit
    93  00283A                     __pcinit:
    94                           	callstack 0
    95  00283A                     start_initialization:
    96                           	callstack 0
    97  00283A                     __initialization:
    98                           	callstack 0
    99                           
   100                           ; Clear objects allocated to COMRAM (44 bytes)
   101  00283A  EE01  F101         	lfsr	0,__pbssCOMRAM
   102  00283E  0E2C               	movlw	44
   103  002840                     clear_0:
   104  002840  6AEE               	clrf	postinc0,c
   105  002842  06E8               	decf	wreg,f,c
   106  002844  E1FD               	bnz	clear_0
   107  002846                     end_of_initialization:
   108                           	callstack 0
   109  002846                     __end_of__initialization:
   110                           	callstack 0
   111  002846  0E00               	movlw	low (__Lsmallconst shr (0+16))
   112  002848  6EF8               	movwf	tblptru,c
   113  00284A  0E26               	movlw	high __Lsmallconst
   114  00284C  6EF7               	movwf	tblptrh,c
   115  00284E  0100               	movlb	0
   116  002850  EF37  F014         	goto	_main	;jump to C main() function
   117                           
   118                           	psect	bssCOMRAM
   119  000501                     __pbssCOMRAM:
   120                           	callstack 0
   121  000501                     	ds	32
   122  000521                     _myFloat:
   123                           	callstack 0
   124  000521                     	ds	4
   125  000525                     _nout:
   126                           	callstack 0
   127  000525                     	ds	2
   128  000527                     _width:
   129                           	callstack 0
   130  000527                     	ds	2
   131  000529                     _prec:
   132                           	callstack 0
   133  000529                     	ds	2
   134  00052B                     _flags:
   135                           	callstack 0
   136  00052B                     	ds	2
   137                           
   138                           	psect	cstackCOMRAM
   139  00052D                     __pcstackCOMRAM:
   140                           	callstack 0
   141  00052D                     putch@data:
   142                           	callstack 0
   143                           
   144                           ; 1 bytes @ 0x0
   145  00052D                     	ds	1
   146  00052E                     fputc@c:
   147                           	callstack 0
   148                           
   149                           ; 2 bytes @ 0x1
   150  00052E                     	ds	2
   151  000530                     fputc@fp:
   152                           	callstack 0
   153                           
   154                           ; 2 bytes @ 0x3
   155  000530                     	ds	2
   156  000532                     ??_fputc:
   157                           
   158                           ; 1 bytes @ 0x5
   159  000532                     	ds	5
   160  000537                     ?_vfpfcnvrt:
   161                           	callstack 0
   162  000537                     vfpfcnvrt@fp:
   163                           	callstack 0
   164                           
   165                           ; 2 bytes @ 0xA
   166  000537                     	ds	2
   167  000539                     vfpfcnvrt@fmt:
   168                           	callstack 0
   169                           
   170                           ; 2 bytes @ 0xC
   171  000539                     	ds	2
   172  00053B                     vfpfcnvrt@ap:
   173                           	callstack 0
   174                           
   175                           ; 2 bytes @ 0xE
   176  00053B                     	ds	2
   177  00053D                     ?_vfprintf:
   178                           	callstack 0
   179  00053D                     vfprintf@fp:
   180                           	callstack 0
   181                           
   182                           ; 2 bytes @ 0x10
   183  00053D                     	ds	2
   184  00053F                     vfprintf@fmt:
   185                           	callstack 0
   186                           
   187                           ; 2 bytes @ 0x12
   188  00053F                     	ds	2
   189  000541                     vfprintf@ap:
   190                           	callstack 0
   191                           
   192                           ; 2 bytes @ 0x14
   193  000541                     	ds	2
   194  000543                     vfprintf@cfmt:
   195                           	callstack 0
   196                           
   197                           ; 2 bytes @ 0x16
   198  000543                     	ds	2
   199  000545                     ?_printf:
   200                           	callstack 0
   201  000545                     printf@fmt:
   202                           	callstack 0
   203                           
   204                           ; 2 bytes @ 0x18
   205  000545                     	ds	2
   206  000547                     printf@ap:
   207                           	callstack 0
   208                           
   209                           ; 2 bytes @ 0x1A
   210  000547                     	ds	2
   211  000549                     
   212                           ; 1 bytes @ 0x1C
   213 ;;
   214 ;;Main: autosize = 0, tempsize = 0, incstack = 0, save=0
   215 ;;
   216 ;; *************** function _main *****************
   217 ;; Defined at:
   218 ;;		line 23 in file "main.c"
   219 ;; Parameters:    Size  Location     Type
   220 ;;		None
   221 ;; Auto vars:     Size  Location     Type
   222 ;;		None
   223 ;; Return value:  Size  Location     Type
   224 ;;                  1    wreg      void 
   225 ;; Registers used:
   226 ;;		wreg, fsr1l, fsr1h, fsr2l, fsr2h, status,2, status,0, tblptrl, tblptrh, tblptru, cstack
   227 ;; Tracked objects:
   228 ;;		On entry : 0/0
   229 ;;		On exit  : 0/0
   230 ;;		Unchanged: 0/0
   231 ;; Data sizes:     COMRAM   BANK5   BANK6   BANK7   BANK8   BANK9  BANK10  BANK11  BANK12  BANK13  BANK14  BANK15  BANK1
      +6  BANK17  BANK18  BANK19  BANK20  BANK21  BANK22  BANK23  BANK24  BANK25  BANK26  BANK27  BANK28  BANK29  BANK30  BANK3
      +1  BANK32  BANK33  BANK34  BANK35  BANK36  BANK37
   232 ;;      Params:         0       0       0       0       0       0       0       0       0       0       0       0       
      +0       0       0       0       0       0       0       0       0       0       0       0       0       0       0       
      +0       0       0       0       0       0       0
   233 ;;      Locals:         0       0       0       0       0       0       0       0       0       0       0       0       
      +0       0       0       0       0       0       0       0       0       0       0       0       0       0       0       
      +0       0       0       0       0       0       0
   234 ;;      Temps:          0       0       0       0       0       0       0       0       0       0       0       0       
      +0       0       0       0       0       0       0       0       0       0       0       0       0       0       0       
      +0       0       0       0       0       0       0
   235 ;;      Totals:         0       0       0       0       0       0       0       0       0       0       0       0       
      +0       0       0       0       0       0       0       0       0       0       0       0       0       0       0       
      +0       0       0       0       0       0       0
   236 ;;Total ram usage:        0 bytes
   237 ;; Hardware stack levels required when called: 5
   238 ;; This function calls:
   239 ;;		_init_uart
   240 ;;		_printf
   241 ;; This function is called by:
   242 ;;		Startup code after reset
   243 ;; This function uses a non-reentrant model
   244 ;;
   245                           
   246                           	psect	text0
   247  00286E                     __ptext0:
   248                           	callstack 0
   249  00286E                     _main:
   250                           	callstack 122
   251  00286E                     
   252                           ;main.c: 24:     init_uart();
   253  00286E  EC43  F014         	call	_init_uart	;wreg free
   254  002872                     
   255                           ;main.c: 25:     printf("Prueba de impresión");
   256  002872  0E01               	movlw	low STR_1
   257  002874  6E45               	movwf	printf@fmt^(0+1280),c
   258  002876  0E26               	movlw	high STR_1
   259  002878  6E46               	movwf	(printf@fmt+1)^(0+1280),c
   260  00287A  EC0A  F014         	call	_printf	;wreg free
   261  00287E                     l19:
   262  00287E  EF3F  F014         	goto	l19
   263  002882  EFFE  F0FF         	goto	start
   264  002886                     __end_of_main:
   265                           	callstack 0
   266                           
   267 ;; *************** function _printf *****************
   268 ;; Defined at:
   269 ;;		line 5 in file "/opt/microchip/xc8/v2.32/pic/sources/c99/common/printf.c"
   270 ;; Parameters:    Size  Location     Type
   271 ;;  fmt             2   24[COMRAM] PTR const unsigned char 
   272 ;;		 -> STR_1(20), 
   273 ;; Auto vars:     Size  Location     Type
   274 ;;  ap              2   26[COMRAM] PTR void [1]
   275 ;;		 -> ?_printf(2), 
   276 ;;  ret             2    0        int 
   277 ;; Return value:  Size  Location     Type
   278 ;;                  2   24[COMRAM] int 
   279 ;; Registers used:
   280 ;;		wreg, fsr1l, fsr1h, fsr2l, fsr2h, status,2, status,0, tblptrl, tblptrh, tblptru, cstack
   281 ;; Tracked objects:
   282 ;;		On entry : 0/0
   283 ;;		On exit  : 0/0
   284 ;;		Unchanged: 0/0
   285 ;; Data sizes:     COMRAM   BANK5   BANK6   BANK7   BANK8   BANK9  BANK10  BANK11  BANK12  BANK13  BANK14  BANK15  BANK1
      +6  BANK17  BANK18  BANK19  BANK20  BANK21  BANK22  BANK23  BANK24  BANK25  BANK26  BANK27  BANK28  BANK29  BANK30  BANK3
      +1  BANK32  BANK33  BANK34  BANK35  BANK36  BANK37
   286 ;;      Params:         2       0       0       0       0       0       0       0       0       0       0       0       
      +0       0       0       0       0       0       0       0       0       0       0       0       0       0       0       
      +0       0       0       0       0       0       0
   287 ;;      Locals:         2       0       0       0       0       0       0       0       0       0       0       0       
      +0       0       0       0       0       0       0       0       0       0       0       0       0       0       0       
      +0       0       0       0       0       0       0
   288 ;;      Temps:          0       0       0       0       0       0       0       0       0       0       0       0       
      +0       0       0       0       0       0       0       0       0       0       0       0       0       0       0       
      +0       0       0       0       0       0       0
   289 ;;      Totals:         4       0       0       0       0       0       0       0       0       0       0       0       
      +0       0       0       0       0       0       0       0       0       0       0       0       0       0       0       
      +0       0       0       0       0       0       0
   290 ;;Total ram usage:        4 bytes
   291 ;; Hardware stack levels used: 1
   292 ;; Hardware stack levels required when called: 4
   293 ;; This function calls:
   294 ;;		_vfprintf
   295 ;; This function is called by:
   296 ;;		_main
   297 ;; This function uses a non-reentrant model
   298 ;;
   299                           
   300                           	psect	text1
   301  002814                     __ptext1:
   302                           	callstack 0
   303  002814                     _printf:
   304                           	callstack 122
   305  002814  0E47               	movlw	low (?_printf+2)
   306  002816  6E47               	movwf	printf@ap^(0+1280),c
   307  002818  0E05               	movlw	high (?_printf+2)
   308  00281A  6E48               	movwf	(printf@ap+1)^(0+1280),c
   309  00281C  0E00               	movlw	0
   310  00281E  6E3D               	movwf	vfprintf@fp^(0+1280),c
   311  002820  0E00               	movlw	0
   312  002822  6E3E               	movwf	(vfprintf@fp+1)^(0+1280),c
   313  002824  C545  F53F         	movff	printf@fmt,vfprintf@fmt
   314  002828  C546  F540         	movff	printf@fmt+1,vfprintf@fmt+1
   315  00282C  0E47               	movlw	low printf@ap
   316  00282E  6E41               	movwf	vfprintf@ap^(0+1280),c
   317  002830  0E05               	movlw	high printf@ap
   318  002832  6E42               	movwf	(vfprintf@ap+1)^(0+1280),c
   319  002834  ECD9  F013         	call	_vfprintf	;wreg free
   320  002838  0012               	return		;funcret
   321  00283A                     __end_of_printf:
   322                           	callstack 0
   323                           
   324 ;; *************** function _vfprintf *****************
   325 ;; Defined at:
   326 ;;		line 1390 in file "/opt/microchip/xc8/v2.32/pic/sources/c99/common/doprnt.c"
   327 ;; Parameters:    Size  Location     Type
   328 ;;  fp              2   16[COMRAM] PTR struct _IO_FILE
   329 ;;		 -> NULL(0), 
   330 ;;  fmt             2   18[COMRAM] PTR const unsigned char 
   331 ;;		 -> STR_1(20), 
   332 ;;  ap              2   20[COMRAM] PTR PTR void 
   333 ;;		 -> printf@ap(2), 
   334 ;; Auto vars:     Size  Location     Type
   335 ;;  cfmt            2   22[COMRAM] PTR unsigned char 
   336 ;;		 -> STR_1(20), 
   337 ;; Return value:  Size  Location     Type
   338 ;;                  2   16[COMRAM] int 
   339 ;; Registers used:
   340 ;;		wreg, fsr1l, fsr1h, fsr2l, fsr2h, status,2, status,0, tblptrl, tblptrh, tblptru, cstack
   341 ;; Tracked objects:
   342 ;;		On entry : 0/0
   343 ;;		On exit  : 0/0
   344 ;;		Unchanged: 0/0
   345 ;; Data sizes:     COMRAM   BANK5   BANK6   BANK7   BANK8   BANK9  BANK10  BANK11  BANK12  BANK13  BANK14  BANK15  BANK1
      +6  BANK17  BANK18  BANK19  BANK20  BANK21  BANK22  BANK23  BANK24  BANK25  BANK26  BANK27  BANK28  BANK29  BANK30  BANK3
      +1  BANK32  BANK33  BANK34  BANK35  BANK36  BANK37
   346 ;;      Params:         6       0       0       0       0       0       0       0       0       0       0       0       
      +0       0       0       0       0       0       0       0       0       0       0       0       0       0       0       
      +0       0       0       0       0       0       0
   347 ;;      Locals:         2       0       0       0       0       0       0       0       0       0       0       0       
      +0       0       0       0       0       0       0       0       0       0       0       0       0       0       0       
      +0       0       0       0       0       0       0
   348 ;;      Temps:          0       0       0       0       0       0       0       0       0       0       0       0       
      +0       0       0       0       0       0       0       0       0       0       0       0       0       0       0       
      +0       0       0       0       0       0       0
   349 ;;      Totals:         8       0       0       0       0       0       0       0       0       0       0       0       
      +0       0       0       0       0       0       0       0       0       0       0       0       0       0       0       
      +0       0       0       0       0       0       0
   350 ;;Total ram usage:        8 bytes
   351 ;; Hardware stack levels used: 1
   352 ;; Hardware stack levels required when called: 3
   353 ;; This function calls:
   354 ;;		_vfpfcnvrt
   355 ;; This function is called by:
   356 ;;		_printf
   357 ;; This function uses a non-reentrant model
   358 ;;
   359                           
   360                           	psect	text2
   361  0027B2                     __ptext2:
   362                           	callstack 0
   363  0027B2                     _vfprintf:
   364                           	callstack 122
   365  0027B2                     
   366                           ;/opt/microchip/xc8/v2.32/pic/sources/c99/common/doprnt.c: 1390: int vfprintf(FILE *fp, 
      +                          const char *fmt, va_list ap);/opt/microchip/xc8/v2.32/pic/sources/c99/common/doprnt.c: 1
      +                          391: {;/opt/microchip/xc8/v2.32/pic/sources/c99/common/doprnt.c: 1393:     char *cfmt;;/
      +                          opt/microchip/xc8/v2.32/pic/sources/c99/common/doprnt.c: 1395:     cfmt = (char *)fmt;
   367  0027B2  C53F  F543         	movff	vfprintf@fmt,vfprintf@cfmt
   368  0027B6  C540  F544         	movff	vfprintf@fmt+1,vfprintf@cfmt+1
   369  0027BA                     
   370                           ;/opt/microchip/xc8/v2.32/pic/sources/c99/common/doprnt.c: 1396:     nout = 0;
   371  0027BA  0E00               	movlw	0
   372  0027BC  6E26               	movwf	(_nout+1)^(0+1280),c
   373  0027BE  0E00               	movlw	0
   374  0027C0  6E25               	movwf	_nout^(0+1280),c
   375                           
   376                           ;/opt/microchip/xc8/v2.32/pic/sources/c99/common/doprnt.c: 1397:     while (*cfmt) {
   377  0027C2  EFF5  F013         	goto	l903
   378  0027C6                     l901:
   379                           
   380                           ;/opt/microchip/xc8/v2.32/pic/sources/c99/common/doprnt.c: 1398:         nout += vfpfcnv
      +                          rt(fp, &cfmt, ap);
   381  0027C6  C53D  F537         	movff	vfprintf@fp,vfpfcnvrt@fp
   382  0027CA  C53E  F538         	movff	vfprintf@fp+1,vfpfcnvrt@fp+1
   383  0027CE  0E43               	movlw	low vfprintf@cfmt
   384  0027D0  6E39               	movwf	vfpfcnvrt@fmt^(0+1280),c
   385  0027D2  0E05               	movlw	high vfprintf@cfmt
   386  0027D4  6E3A               	movwf	(vfpfcnvrt@fmt+1)^(0+1280),c
   387  0027D6  C541  F53B         	movff	vfprintf@ap,vfpfcnvrt@ap
   388  0027DA  C542  F53C         	movff	vfprintf@ap+1,vfpfcnvrt@ap+1
   389  0027DE  EC0B  F013         	call	_vfpfcnvrt	;wreg free
   390  0027E2  5037               	movf	?_vfpfcnvrt^(0+1280),w,c
   391  0027E4  2625               	addwf	_nout^(0+1280),f,c
   392  0027E6  5038               	movf	(?_vfpfcnvrt+1)^(0+1280),w,c
   393  0027E8  2226               	addwfc	(_nout+1)^(0+1280),f,c
   394  0027EA                     l903:
   395                           
   396                           ;/opt/microchip/xc8/v2.32/pic/sources/c99/common/doprnt.c: 1397:     while (*cfmt) {
   397  0027EA  0061  F50C  F4F6   	movff	vfprintf@cfmt,tblptrl
   398  0027F0  0061  F510  F4F7   	movff	vfprintf@cfmt+1,tblptrh
   399  0027F6                     	if	0	;tblptru may be non-zero
   400  0027F6                     	endif
   401  0027F6                     	if	0	;tblptru may be non-zero
   402  0027F6                     	endif
   403  0027F6  0008               	tblrd		*
   404  0027F8  50F5               	movf	tablat,w,c
   405  0027FA  0900               	iorlw	0
   406  0027FC  A4D8               	btfss	status,2,c
   407  0027FE  EF03  F014         	goto	u151
   408  002802  EF05  F014         	goto	u150
   409  002806                     u151:
   410  002806  EFE3  F013         	goto	l901
   411  00280A                     u150:
   412  00280A                     
   413                           ;/opt/microchip/xc8/v2.32/pic/sources/c99/common/doprnt.c: 1400:     return nout;
   414  00280A  C525  F53D         	movff	_nout,?_vfprintf
   415  00280E  C526  F53E         	movff	_nout+1,?_vfprintf+1
   416  002812  0012               	return		;funcret
   417  002814                     __end_of_vfprintf:
   418                           	callstack 0
   419                           
   420 ;; *************** function _vfpfcnvrt *****************
   421 ;; Defined at:
   422 ;;		line 692 in file "/opt/microchip/xc8/v2.32/pic/sources/c99/common/doprnt.c"
   423 ;; Parameters:    Size  Location     Type
   424 ;;  fp              2   10[COMRAM] PTR struct _IO_FILE
   425 ;;		 -> NULL(0), 
   426 ;;  fmt             2   12[COMRAM] PTR PTR unsigned char 
   427 ;;		 -> vfprintf@cfmt(2), 
   428 ;;  ap              2   14[COMRAM] PTR PTR void 
   429 ;;		 -> printf@ap(2), 
   430 ;; Auto vars:     Size  Location     Type
   431 ;;  llu             8    0        unsigned long long 
   432 ;;  ll              8    0        long long 
   433 ;;  f               4    0        long long 
   434 ;;  vp              3    0        PTR void 
   435 ;;  ct              3    0        unsigned char [3]
   436 ;;  cp              3    0        PTR unsigned char 
   437 ;;  i               2    0        int 
   438 ;;  done            2    0        int 
   439 ;;  c               1    0        unsigned char 
   440 ;; Return value:  Size  Location     Type
   441 ;;                  2   10[COMRAM] int 
   442 ;; Registers used:
   443 ;;		wreg, fsr1l, fsr1h, fsr2l, fsr2h, status,2, status,0, tblptrl, tblptrh, tblptru, cstack
   444 ;; Tracked objects:
   445 ;;		On entry : 0/0
   446 ;;		On exit  : 0/0
   447 ;;		Unchanged: 0/0
   448 ;; Data sizes:     COMRAM   BANK5   BANK6   BANK7   BANK8   BANK9  BANK10  BANK11  BANK12  BANK13  BANK14  BANK15  BANK1
      +6  BANK17  BANK18  BANK19  BANK20  BANK21  BANK22  BANK23  BANK24  BANK25  BANK26  BANK27  BANK28  BANK29  BANK30  BANK3
      +1  BANK32  BANK33  BANK34  BANK35  BANK36  BANK37
   449 ;;      Params:         6       0       0       0       0       0       0       0       0       0       0       0       
      +0       0       0       0       0       0       0       0       0       0       0       0       0       0       0       
      +0       0       0       0       0       0       0
   450 ;;      Locals:         0       0       0       0       0       0       0       0       0       0       0       0       
      +0       0       0       0       0       0       0       0       0       0       0       0       0       0       0       
      +0       0       0       0       0       0       0
   451 ;;      Temps:          0       0       0       0       0       0       0       0       0       0       0       0       
      +0       0       0       0       0       0       0       0       0       0       0       0       0       0       0       
      +0       0       0       0       0       0       0
   452 ;;      Totals:         6       0       0       0       0       0       0       0       0       0       0       0       
      +0       0       0       0       0       0       0       0       0       0       0       0       0       0       0       
      +0       0       0       0       0       0       0
   453 ;;Total ram usage:        6 bytes
   454 ;; Hardware stack levels used: 1
   455 ;; Hardware stack levels required when called: 2
   456 ;; This function calls:
   457 ;;		_fputc
   458 ;; This function is called by:
   459 ;;		_vfprintf
   460 ;; This function uses a non-reentrant model
   461 ;;
   462                           
   463                           	psect	text3
   464  002616                     __ptext3:
   465                           	callstack 0
   466  002616                     _vfpfcnvrt:
   467                           	callstack 122
   468  002616                     
   469                           ;/opt/microchip/xc8/v2.32/pic/sources/c99/common/doprnt.c: 692: static int vfpfcnvrt(FIL
      +                          E *fp, char *fmt[], va_list ap);/opt/microchip/xc8/v2.32/pic/sources/c99/common/doprnt.c
      +                          : 693: {;/opt/microchip/xc8/v2.32/pic/sources/c99/common/doprnt.c: 694:     char c, *cp,
      +                           ct[3];;/opt/microchip/xc8/v2.32/pic/sources/c99/common/doprnt.c: 695:     int done, i;;
      +                          /opt/microchip/xc8/v2.32/pic/sources/c99/common/doprnt.c: 696:     long long ll;;/opt/mi
      +                          crochip/xc8/v2.32/pic/sources/c99/common/doprnt.c: 697:     unsigned long long llu;
   470  002616  0061  F4E4  F4D9   	movff	vfpfcnvrt@fmt,fsr2l
   471  00261C  0061  F4E8  F4DA   	movff	vfpfcnvrt@fmt+1,fsr2h
   472  002622  C4DE F4F6          	movff	postinc2,tblptrl
   473  002626  C4DD F4F7          	movff	postdec2,tblptrh
   474  00262A                     	if	0	;tblptru may be non-zero
   475  00262A                     	endif
   476  00262A                     	if	0	;tblptru may be non-zero
   477  00262A                     	endif
   478  00262A  0008               	tblrd		*
   479  00262C  50F5               	movf	tablat,w,c
   480  00262E  0A25               	xorlw	37
   481  002630  A4D8               	btfss	status,2,c
   482  002632  EF1D  F013         	goto	u131
   483  002636  EF1F  F013         	goto	u130
   484  00263A                     u131:
   485  00263A  EF6E  F013         	goto	l889
   486  00263E                     u130:
   487  00263E                     
   488                           ;/opt/microchip/xc8/v2.32/pic/sources/c99/common/doprnt.c: 703:         ++*fmt;
   489  00263E  0061  F4E4  F4D9   	movff	vfpfcnvrt@fmt,fsr2l
   490  002644  0061  F4E8  F4DA   	movff	vfpfcnvrt@fmt+1,fsr2h
   491  00264A  2ADE               	incf	postinc2,f,c
   492  00264C  0E00               	movlw	0
   493  00264E  22DD               	addwfc	postdec2,f,c
   494  002650                     
   495                           ;/opt/microchip/xc8/v2.32/pic/sources/c99/common/doprnt.c: 705:         flags = width = 
      +                          0;
   496  002650  0E00               	movlw	0
   497  002652  6E28               	movwf	(_width+1)^(0+1280),c
   498  002654  0E00               	movlw	0
   499  002656  6E27               	movwf	_width^(0+1280),c
   500  002658  C527  F52B         	movff	_width,_flags
   501  00265C  C528  F52C         	movff	_width+1,_flags+1
   502  002660                     
   503                           ;/opt/microchip/xc8/v2.32/pic/sources/c99/common/doprnt.c: 706:         prec = -1;
   504  002660  6829               	setf	_prec^(0+1280),c
   505  002662  682A               	setf	(_prec+1)^(0+1280),c
   506  002664                     
   507                           ;/opt/microchip/xc8/v2.32/pic/sources/c99/common/doprnt.c: 1372:         if ((*fmt)[0] =
      +                          = '%') {
   508  002664  0061  F4E4  F4D9   	movff	vfpfcnvrt@fmt,fsr2l
   509  00266A  0061  F4E8  F4DA   	movff	vfpfcnvrt@fmt+1,fsr2h
   510  002670  C4DE F4F6          	movff	postinc2,tblptrl
   511  002674  C4DD F4F7          	movff	postdec2,tblptrh
   512  002678                     	if	0	;tblptru may be non-zero
   513  002678                     	endif
   514  002678                     	if	0	;tblptru may be non-zero
   515  002678                     	endif
   516  002678  0008               	tblrd		*
   517  00267A  50F5               	movf	tablat,w,c
   518  00267C  0A25               	xorlw	37
   519  00267E  A4D8               	btfss	status,2,c
   520  002680  EF44  F013         	goto	u141
   521  002684  EF46  F013         	goto	u140
   522  002688                     u141:
   523  002688  EF5F  F013         	goto	l883
   524  00268C                     u140:
   525  00268C                     
   526                           ;/opt/microchip/xc8/v2.32/pic/sources/c99/common/doprnt.c: 1373:             ++*fmt;
   527  00268C  0061  F4E4  F4D9   	movff	vfpfcnvrt@fmt,fsr2l
   528  002692  0061  F4E8  F4DA   	movff	vfpfcnvrt@fmt+1,fsr2h
   529  002698  2ADE               	incf	postinc2,f,c
   530  00269A  0E00               	movlw	0
   531  00269C  22DD               	addwfc	postdec2,f,c
   532  00269E                     
   533                           ;/opt/microchip/xc8/v2.32/pic/sources/c99/common/doprnt.c: 1374:             fputc((int)
      +                          '%', fp);
   534  00269E  0E00               	movlw	0
   535  0026A0  6E2F               	movwf	(fputc@c+1)^(0+1280),c
   536  0026A2  0E25               	movlw	37
   537  0026A4  6E2E               	movwf	fputc@c^(0+1280),c
   538  0026A6  C537  F530         	movff	vfpfcnvrt@fp,fputc@fp
   539  0026AA  C538  F531         	movff	vfpfcnvrt@fp+1,fputc@fp+1
   540  0026AE  EC8E  F013         	call	_fputc	;wreg free
   541  0026B2                     l879:
   542                           
   543                           ;/opt/microchip/xc8/v2.32/pic/sources/c99/common/doprnt.c: 1375:             return 1;
   544  0026B2  0E00               	movlw	0
   545  0026B4  6E38               	movwf	(?_vfpfcnvrt+1)^(0+1280),c
   546  0026B6  0E01               	movlw	1
   547  0026B8  6E37               	movwf	?_vfpfcnvrt^(0+1280),c
   548  0026BA  EF8D  F013         	goto	l745
   549  0026BE                     l883:
   550                           
   551                           ;/opt/microchip/xc8/v2.32/pic/sources/c99/common/doprnt.c: 1379:         ++*fmt;
   552  0026BE  0061  F4E4  F4D9   	movff	vfpfcnvrt@fmt,fsr2l
   553  0026C4  0061  F4E8  F4DA   	movff	vfpfcnvrt@fmt+1,fsr2h
   554  0026CA  2ADE               	incf	postinc2,f,c
   555  0026CC  0E00               	movlw	0
   556  0026CE  22DD               	addwfc	postdec2,f,c
   557  0026D0                     
   558                           ;/opt/microchip/xc8/v2.32/pic/sources/c99/common/doprnt.c: 1380:         return 0;
   559  0026D0  0E00               	movlw	0
   560  0026D2  6E38               	movwf	(?_vfpfcnvrt+1)^(0+1280),c
   561  0026D4  0E00               	movlw	0
   562  0026D6  6E37               	movwf	?_vfpfcnvrt^(0+1280),c
   563  0026D8  EF8D  F013         	goto	l745
   564  0026DC                     l889:
   565                           
   566                           ;/opt/microchip/xc8/v2.32/pic/sources/c99/common/doprnt.c: 1384:     fputc((int)(*fmt)[0
      +                          ], fp);
   567  0026DC  0061  F4E4  F4D9   	movff	vfpfcnvrt@fmt,fsr2l
   568  0026E2  0061  F4E8  F4DA   	movff	vfpfcnvrt@fmt+1,fsr2h
   569  0026E8  C4DE F4F6          	movff	postinc2,tblptrl
   570  0026EC  C4DD F4F7          	movff	postdec2,tblptrh
   571  0026F0                     	if	0	;tblptru may be non-zero
   572  0026F0                     	endif
   573  0026F0                     	if	0	;tblptru may be non-zero
   574  0026F0                     	endif
   575  0026F0  0008               	tblrd		*
   576  0026F2  50F5               	movf	tablat,w,c
   577  0026F4  6E2E               	movwf	fputc@c^(0+1280),c
   578  0026F6  6A2F               	clrf	(fputc@c+1)^(0+1280),c
   579  0026F8  C537  F530         	movff	vfpfcnvrt@fp,fputc@fp
   580  0026FC  C538  F531         	movff	vfpfcnvrt@fp+1,fputc@fp+1
   581  002700  EC8E  F013         	call	_fputc	;wreg free
   582  002704                     
   583                           ;/opt/microchip/xc8/v2.32/pic/sources/c99/common/doprnt.c: 1385:     ++*fmt;
   584  002704  0061  F4E4  F4D9   	movff	vfpfcnvrt@fmt,fsr2l
   585  00270A  0061  F4E8  F4DA   	movff	vfpfcnvrt@fmt+1,fsr2h
   586  002710  2ADE               	incf	postinc2,f,c
   587  002712  0E00               	movlw	0
   588  002714  22DD               	addwfc	postdec2,f,c
   589  002716  EF59  F013         	goto	l879
   590  00271A                     l745:
   591  00271A  0012               	return		;funcret
   592  00271C                     __end_of_vfpfcnvrt:
   593                           	callstack 0
   594                           
   595 ;; *************** function _fputc *****************
   596 ;; Defined at:
   597 ;;		line 8 in file "/opt/microchip/xc8/v2.32/pic/sources/c99/common/nf_fputc.c"
   598 ;; Parameters:    Size  Location     Type
   599 ;;  c               2    1[COMRAM] int 
   600 ;;  fp              2    3[COMRAM] PTR struct _IO_FILE
   601 ;;		 -> NULL(0), 
   602 ;; Auto vars:     Size  Location     Type
   603 ;;		None
   604 ;; Return value:  Size  Location     Type
   605 ;;                  2    1[COMRAM] int 
   606 ;; Registers used:
   607 ;;		wreg, fsr1l, fsr1h, fsr2l, fsr2h, status,2, status,0, cstack
   608 ;; Tracked objects:
   609 ;;		On entry : 0/0
   610 ;;		On exit  : 0/0
   611 ;;		Unchanged: 0/0
   612 ;; Data sizes:     COMRAM   BANK5   BANK6   BANK7   BANK8   BANK9  BANK10  BANK11  BANK12  BANK13  BANK14  BANK15  BANK1
      +6  BANK17  BANK18  BANK19  BANK20  BANK21  BANK22  BANK23  BANK24  BANK25  BANK26  BANK27  BANK28  BANK29  BANK30  BANK3
      +1  BANK32  BANK33  BANK34  BANK35  BANK36  BANK37
   613 ;;      Params:         4       0       0       0       0       0       0       0       0       0       0       0       
      +0       0       0       0       0       0       0       0       0       0       0       0       0       0       0       
      +0       0       0       0       0       0       0
   614 ;;      Locals:         0       0       0       0       0       0       0       0       0       0       0       0       
      +0       0       0       0       0       0       0       0       0       0       0       0       0       0       0       
      +0       0       0       0       0       0       0
   615 ;;      Temps:          5       0       0       0       0       0       0       0       0       0       0       0       
      +0       0       0       0       0       0       0       0       0       0       0       0       0       0       0       
      +0       0       0       0       0       0       0
   616 ;;      Totals:         9       0       0       0       0       0       0       0       0       0       0       0       
      +0       0       0       0       0       0       0       0       0       0       0       0       0       0       0       
      +0       0       0       0       0       0       0
   617 ;;Total ram usage:        9 bytes
   618 ;; Hardware stack levels used: 1
   619 ;; Hardware stack levels required when called: 1
   620 ;; This function calls:
   621 ;;		_putch
   622 ;; This function is called by:
   623 ;;		_vfpfcnvrt
   624 ;; This function uses a non-reentrant model
   625 ;;
   626                           
   627                           	psect	text4
   628  00271C                     __ptext4:
   629                           	callstack 0
   630  00271C                     _fputc:
   631                           	callstack 122
   632  00271C  5030               	movf	fputc@fp^(0+1280),w,c
   633  00271E  1031               	iorwf	(fputc@fp+1)^(0+1280),w,c
   634  002720  B4D8               	btfsc	status,2,c
   635  002722  EF95  F013         	goto	u91
   636  002726  EF97  F013         	goto	u90
   637  00272A                     u91:
   638  00272A  EFA0  F013         	goto	l855
   639  00272E                     u90:
   640  00272E  5030               	movf	fputc@fp^(0+1280),w,c
   641  002730  1031               	iorwf	(fputc@fp+1)^(0+1280),w,c
   642  002732  A4D8               	btfss	status,2,c
   643  002734  EF9E  F013         	goto	u101
   644  002738  EFA0  F013         	goto	u100
   645  00273C                     u101:
   646  00273C  EFA5  F013         	goto	l857
   647  002740                     u100:
   648  002740                     l855:
   649  002740  502E               	movf	fputc@c^(0+1280),w,c
   650  002742  EC2A  F014         	call	_putch
   651  002746  EFD8  F013         	goto	l763
   652  00274A                     l857:
   653  00274A  EE20 F004          	lfsr	2,4
   654  00274E  5030               	movf	fputc@fp^(0+1280),w,c
   655  002750  26D9               	addwf	fsr2l,f,c
   656  002752  5031               	movf	(fputc@fp+1)^(0+1280),w,c
   657  002754  22DA               	addwfc	fsr2h,f,c
   658  002756  50DE               	movf	postinc2,w,c
   659  002758  10DE               	iorwf	postinc2,w,c
   660  00275A  B4D8               	btfsc	status,2,c
   661  00275C  EFB2  F013         	goto	u111
   662  002760  EFB4  F013         	goto	u110
   663  002764                     u111:
   664  002764  EFCF  F013         	goto	l861
   665  002768                     u110:
   666  002768  EE20 F004          	lfsr	2,4
   667  00276C  5030               	movf	fputc@fp^(0+1280),w,c
   668  00276E  26D9               	addwf	fsr2l,f,c
   669  002770  5031               	movf	(fputc@fp+1)^(0+1280),w,c
   670  002772  22DA               	addwfc	fsr2h,f,c
   671  002774  EE10 F002          	lfsr	1,2
   672  002778  5030               	movf	fputc@fp^(0+1280),w,c
   673  00277A  26E1               	addwf	fsr1l,f,c
   674  00277C  5031               	movf	(fputc@fp+1)^(0+1280),w,c
   675  00277E  22E2               	addwfc	fsr1h,f,c
   676  002780  50DE               	movf	postinc2,w,c
   677  002782  5CE6               	subwf	postinc1,w,c
   678  002784  50E6               	movf	postinc1,w,c
   679  002786  0A80               	xorlw	128
   680  002788  6E36               	movwf	(??_fputc+4)^(0+1280),c
   681  00278A  50DE               	movf	postinc2,w,c
   682  00278C  0A80               	xorlw	128
   683  00278E  5836               	subwfb	(??_fputc+4)^(0+1280),w,c
   684  002790  B0D8               	btfsc	status,0,c
   685  002792  EFCD  F013         	goto	u121
   686  002796  EFCF  F013         	goto	u120
   687  00279A                     u121:
   688  00279A  EFD8  F013         	goto	l763
   689  00279E                     u120:
   690  00279E                     l861:
   691  00279E  EE20 F002          	lfsr	2,2
   692  0027A2  5030               	movf	fputc@fp^(0+1280),w,c
   693  0027A4  26D9               	addwf	fsr2l,f,c
   694  0027A6  5031               	movf	(fputc@fp+1)^(0+1280),w,c
   695  0027A8  22DA               	addwfc	fsr2h,f,c
   696  0027AA  2ADE               	incf	postinc2,f,c
   697  0027AC  0E00               	movlw	0
   698  0027AE  22DD               	addwfc	postdec2,f,c
   699  0027B0                     l763:
   700  0027B0  0012               	return		;funcret
   701  0027B2                     __end_of_fputc:
   702                           	callstack 0
   703                           
   704 ;; *************** function _putch *****************
   705 ;; Defined at:
   706 ;;		line 38 in file "main.c"
   707 ;; Parameters:    Size  Location     Type
   708 ;;  data            1    wreg     unsigned char 
   709 ;; Auto vars:     Size  Location     Type
   710 ;;  data            1    0[COMRAM] unsigned char 
   711 ;; Return value:  Size  Location     Type
   712 ;;                  1    wreg      void 
   713 ;; Registers used:
   714 ;;		wreg
   715 ;; Tracked objects:
   716 ;;		On entry : 0/0
   717 ;;		On exit  : 0/0
   718 ;;		Unchanged: 0/0
   719 ;; Data sizes:     COMRAM   BANK5   BANK6   BANK7   BANK8   BANK9  BANK10  BANK11  BANK12  BANK13  BANK14  BANK15  BANK1
      +6  BANK17  BANK18  BANK19  BANK20  BANK21  BANK22  BANK23  BANK24  BANK25  BANK26  BANK27  BANK28  BANK29  BANK30  BANK3
      +1  BANK32  BANK33  BANK34  BANK35  BANK36  BANK37
   720 ;;      Params:         0       0       0       0       0       0       0       0       0       0       0       0       
      +0       0       0       0       0       0       0       0       0       0       0       0       0       0       0       
      +0       0       0       0       0       0       0
   721 ;;      Locals:         1       0       0       0       0       0       0       0       0       0       0       0       
      +0       0       0       0       0       0       0       0       0       0       0       0       0       0       0       
      +0       0       0       0       0       0       0
   722 ;;      Temps:          0       0       0       0       0       0       0       0       0       0       0       0       
      +0       0       0       0       0       0       0       0       0       0       0       0       0       0       0       
      +0       0       0       0       0       0       0
   723 ;;      Totals:         1       0       0       0       0       0       0       0       0       0       0       0       
      +0       0       0       0       0       0       0       0       0       0       0       0       0       0       0       
      +0       0       0       0       0       0       0
   724 ;;Total ram usage:        1 bytes
   725 ;; Hardware stack levels used: 1
   726 ;; This function calls:
   727 ;;		Nothing
   728 ;; This function is called by:
   729 ;;		_fputc
   730 ;; This function uses a non-reentrant model
   731 ;;
   732                           
   733                           	psect	text5
   734  002854                     __ptext5:
   735                           	callstack 0
   736  002854                     _putch:
   737                           	callstack 122
   738                           
   739                           ;incstack = 0
   740                           ;putch@data stored from wreg
   741  002854  6E2D               	movwf	putch@data^(0+1280),c
   742  002856                     l28:
   743                           
   744                           ;main.c: 39:     while( ! U1ERRIRbits.TXMTIF)
   745  002856  0102               	movlb	2	; () banked
   746  002858  AFB2               	btfss	178,7,b	;volatile
   747  00285A  EF31  F014         	goto	u11
   748  00285E  EF33  F014         	goto	u10
   749  002862                     u11:
   750  002862  EF2B  F014         	goto	l28
   751  002866                     u10:
   752  002866                     
   753                           ; BSR set to: 2
   754                           ;main.c: 41:     U1TXB = data;
   755  002866  0061  F4B4  F2A3   	movff	putch@data,675	;volatile
   756  00286C                     
   757                           ; BSR set to: 2
   758  00286C  0012               	return		;funcret
   759  00286E                     __end_of_putch:
   760                           	callstack 0
   761                           
   762 ;; *************** function _init_uart *****************
   763 ;; Defined at:
   764 ;;		line 32 in file "main.c"
   765 ;; Parameters:    Size  Location     Type
   766 ;;		None
   767 ;; Auto vars:     Size  Location     Type
   768 ;;		None
   769 ;; Return value:  Size  Location     Type
   770 ;;                  1    wreg      void 
   771 ;; Registers used:
   772 ;;		None
   773 ;; Tracked objects:
   774 ;;		On entry : 0/0
   775 ;;		On exit  : 0/0
   776 ;;		Unchanged: 0/0
   777 ;; Data sizes:     COMRAM   BANK5   BANK6   BANK7   BANK8   BANK9  BANK10  BANK11  BANK12  BANK13  BANK14  BANK15  BANK1
      +6  BANK17  BANK18  BANK19  BANK20  BANK21  BANK22  BANK23  BANK24  BANK25  BANK26  BANK27  BANK28  BANK29  BANK30  BANK3
      +1  BANK32  BANK33  BANK34  BANK35  BANK36  BANK37
   778 ;;      Params:         0       0       0       0       0       0       0       0       0       0       0       0       
      +0       0       0       0       0       0       0       0       0       0       0       0       0       0       0       
      +0       0       0       0       0       0       0
   779 ;;      Locals:         0       0       0       0       0       0       0       0       0       0       0       0       
      +0       0       0       0       0       0       0       0       0       0       0       0       0       0       0       
      +0       0       0       0       0       0       0
   780 ;;      Temps:          0       0       0       0       0       0       0       0       0       0       0       0       
      +0       0       0       0       0       0       0       0       0       0       0       0       0       0       0       
      +0       0       0       0       0       0       0
   781 ;;      Totals:         0       0       0       0       0       0       0       0       0       0       0       0       
      +0       0       0       0       0       0       0       0       0       0       0       0       0       0       0       
      +0       0       0       0       0       0       0
   782 ;;Total ram usage:        0 bytes
   783 ;; Hardware stack levels used: 1
   784 ;; This function calls:
   785 ;;		Nothing
   786 ;; This function is called by:
   787 ;;		_main
   788 ;; This function uses a non-reentrant model
   789 ;;
   790                           
   791                           	psect	text6
   792  002886                     __ptext6:
   793                           	callstack 0
   794  002886                     _init_uart:
   795                           	callstack 126
   796  002886                     
   797                           ;main.c: 33:     U1CON0bits.TXEN = 1;
   798  002886  0102               	movlb	2	; () banked
   799  002888  8BAB               	bsf	171,5,b	;volatile
   800                           
   801                           ;main.c: 34:     U1CON1bits.ON = 1;
   802  00288A  8FAC               	bsf	172,7,b	;volatile
   803  00288C                     
   804                           ; BSR set to: 2
   805  00288C  0012               	return		;funcret
   806  00288E                     __end_of_init_uart:
   807                           	callstack 0
   808                           
   809                           	psect	rparam
   810  0000                     
   811                           	psect	idloc
   812                           
   813                           ;Config register IDLOC0 @ 0x200000
   814                           ;	unspecified, using default values
   815  200000                     	org	2097152
   816  200000  0FFF               	dw	4095
   817                           
   818                           ;Config register IDLOC1 @ 0x200002
   819                           ;	unspecified, using default values
   820  200002                     	org	2097154
   821  200002  0FFF               	dw	4095
   822                           
   823                           ;Config register IDLOC2 @ 0x200004
   824                           ;	unspecified, using default values
   825  200004                     	org	2097156
   826  200004  0FFF               	dw	4095
   827                           
   828                           ;Config register IDLOC3 @ 0x200006
   829                           ;	unspecified, using default values
   830  200006                     	org	2097158
   831  200006  0FFF               	dw	4095
   832                           
   833                           ;Config register IDLOC4 @ 0x200008
   834                           ;	unspecified, using default values
   835  200008                     	org	2097160
   836  200008  0FFF               	dw	4095
   837                           
   838                           ;Config register IDLOC5 @ 0x20000A
   839                           ;	unspecified, using default values
   840  20000A                     	org	2097162
   841  20000A  0FFF               	dw	4095
   842                           
   843                           ;Config register IDLOC6 @ 0x20000C
   844                           ;	unspecified, using default values
   845  20000C                     	org	2097164
   846  20000C  0FFF               	dw	4095
   847                           
   848                           ;Config register IDLOC7 @ 0x20000E
   849                           ;	unspecified, using default values
   850  20000E                     	org	2097166
   851  20000E  0FFF               	dw	4095
   852                           
   853                           ;Config register IDLOC8 @ 0x200010
   854                           ;	unspecified, using default values
   855  200010                     	org	2097168
   856  200010  0FFF               	dw	4095
   857                           
   858                           ;Config register IDLOC9 @ 0x200012
   859                           ;	unspecified, using default values
   860  200012                     	org	2097170
   861  200012  0FFF               	dw	4095
   862                           
   863                           ;Config register IDLOC10 @ 0x200014
   864                           ;	unspecified, using default values
   865  200014                     	org	2097172
   866  200014  0FFF               	dw	4095
   867                           
   868                           ;Config register IDLOC11 @ 0x200016
   869                           ;	unspecified, using default values
   870  200016                     	org	2097174
   871  200016  0FFF               	dw	4095
   872                           
   873                           ;Config register IDLOC12 @ 0x200018
   874                           ;	unspecified, using default values
   875  200018                     	org	2097176
   876  200018  0FFF               	dw	4095
   877                           
   878                           ;Config register IDLOC13 @ 0x20001A
   879                           ;	unspecified, using default values
   880  20001A                     	org	2097178
   881  20001A  0FFF               	dw	4095
   882                           
   883                           ;Config register IDLOC14 @ 0x20001C
   884                           ;	unspecified, using default values
   885  20001C                     	org	2097180
   886  20001C  0FFF               	dw	4095
   887                           
   888                           ;Config register IDLOC15 @ 0x20001E
   889                           ;	unspecified, using default values
   890  20001E                     	org	2097182
   891  20001E  0FFF               	dw	4095
   892                           
   893                           	psect	config
   894                           
   895                           ;Config register CONFIG1 @ 0x300000
   896                           ;	unspecified, using default values
   897                           ;	External Oscillator Selection
   898                           ;	FEXTOSC = 0x7, unprogrammed default
   899                           ;	Reset Oscillator Selection
   900                           ;	RSTOSC = 0x7, unprogrammed default
   901  300000                     	org	3145728
   902  300000  FF                 	db	255
   903                           
   904                           ;Config register CONFIG2 @ 0x300001
   905                           ;	unspecified, using default values
   906                           ;	Clock out Enable bit
   907                           ;	CLKOUTEN = 0x1, unprogrammed default
   908                           ;	PRLOCKED One-Way Set Enable bit
   909                           ;	PR1WAY = 0x1, unprogrammed default
   910                           ;	Clock Switch Enable bit
   911                           ;	CSWEN = 0x1, unprogrammed default
   912                           ;	Fail-Safe Clock Monitor Enable bit
   913                           ;	FCMEN = 0x1, unprogrammed default
   914  300001                     	org	3145729
   915  300001  FF                 	db	255
   916                           
   917                           ;Config register CONFIG3 @ 0x300002
   918                           ;	unspecified, using default values
   919                           ;	MCLR Enable bit
   920                           ;	MCLRE = 0x1, unprogrammed default
   921                           ;	Power-up timer selection bits
   922                           ;	PWRTS = 0x3, unprogrammed default
   923                           ;	Multi-vector enable bit
   924                           ;	MVECEN = 0x1, unprogrammed default
   925                           ;	IVTLOCK bit One-way set enable bit
   926                           ;	IVT1WAY = 0x1, unprogrammed default
   927                           ;	Low Power BOR Enable bit
   928                           ;	LPBOREN = 0x1, unprogrammed default
   929                           ;	Brown-out Reset Enable bits
   930                           ;	BOREN = 0x3, unprogrammed default
   931  300002                     	org	3145730
   932  300002  FF                 	db	255
   933                           
   934                           ;Config register CONFIG4 @ 0x300003
   935                           ;	unspecified, using default values
   936                           ;	Brown-out Reset Voltage Selection bits
   937                           ;	BORV = 0x3, unprogrammed default
   938                           ;	ZCD Disable bit
   939                           ;	ZCD = 0x1, unprogrammed default
   940                           ;	PPSLOCK bit One-Way Set Enable bit
   941                           ;	PPS1WAY = 0x1, unprogrammed default
   942                           ;	Stack Full/Underflow Reset Enable bit
   943                           ;	STVREN = 0x1, unprogrammed default
   944                           ;	Low Voltage Programming Enable bit
   945                           ;	LVP = 0x1, unprogrammed default
   946                           ;	Extended Instruction Set Enable bit
   947                           ;	XINST = 0x1, unprogrammed default
   948  300003                     	org	3145731
   949  300003  FF                 	db	255
   950                           
   951                           ;Config register CONFIG5 @ 0x300004
   952                           ;	unspecified, using default values
   953                           ;	WDT Period selection bits
   954                           ;	WDTCPS = 0x1F, unprogrammed default
   955                           ;	WDT operating mode
   956                           ;	WDTE = 0x3, unprogrammed default
   957  300004                     	org	3145732
   958  300004  FF                 	db	255
   959                           
   960                           ;Config register CONFIG6 @ 0x300005
   961                           ;	unspecified, using default values
   962                           ;	WDT Window Select bits
   963                           ;	WDTCWS = 0x7, unprogrammed default
   964                           ;	WDT input clock selector
   965                           ;	WDTCCS = 0x7, unprogrammed default
   966  300005                     	org	3145733
   967  300005  FF                 	db	255
   968                           
   969                           ;Config register CONFIG7 @ 0x300006
   970                           ;	unspecified, using default values
   971                           ;	Boot Block Size selection bits
   972                           ;	BBSIZE = 0x7, unprogrammed default
   973                           ;	Boot Block enable bit
   974                           ;	BBEN = 0x1, unprogrammed default
   975                           ;	Storage Area Flash enable bit
   976                           ;	SAFEN = 0x1, unprogrammed default
   977                           ;	Background Debugger
   978                           ;	DEBUG = 0x1, unprogrammed default
   979  300006                     	org	3145734
   980  300006  FF                 	db	255
   981                           
   982                           ;Config register CONFIG8 @ 0x300007
   983                           ;	unspecified, using default values
   984                           ;	Boot Block Write Protection bit
   985                           ;	WRTB = 0x1, unprogrammed default
   986                           ;	Configuration Register Write Protection bit
   987                           ;	WRTC = 0x1, unprogrammed default
   988                           ;	Data EEPROM Write Protection bit
   989                           ;	WRTD = 0x1, unprogrammed default
   990                           ;	SAF Write protection bit
   991                           ;	WRTSAF = 0x1, unprogrammed default
   992                           ;	Application Block write protection bit
   993                           ;	WRTAPP = 0x1, unprogrammed default
   994  300007                     	org	3145735
   995  300007  FF                 	db	255
   996                           
   997                           ; Padding undefined space
   998  300008                     	org	3145736
   999  300008  FF                 	db	255
  1000                           
  1001                           ;Config register CONFIG10 @ 0x300009
  1002                           ;	unspecified, using default values
  1003                           ;	PFM and Data EEPROM Code Protection bit
  1004                           ;	CP = 0x1, unprogrammed default
  1005  300009                     	org	3145737
  1006  300009  FF                 	db	255
  1007                           tosu	equ	0x4FF
  1008                           tosh	equ	0x4FE
  1009                           tosl	equ	0x4FD
  1010                           stkptr	equ	0x4FC
  1011                           pclatu	equ	0x4FB
  1012                           pclath	equ	0x4FA
  1013                           pcl	equ	0x4F9
  1014                           tblptru	equ	0x4F8
  1015                           tblptrh	equ	0x4F7
  1016                           tblptrl	equ	0x4F6
  1017                           tablat	equ	0x4F5
  1018                           prodh	equ	0x4F4
  1019                           prodl	equ	0x4F3
  1020                           indf0	equ	0x4EF
  1021                           postinc0	equ	0x4EE
  1022                           postdec0	equ	0x4ED
  1023                           preinc0	equ	0x4EC
  1024                           plusw0	equ	0x4EB
  1025                           fsr0h	equ	0x4EA
  1026                           fsr0l	equ	0x4E9
  1027                           wreg	equ	0x4E8
  1028                           indf1	equ	0x4E7
  1029                           postinc1	equ	0x4E6
  1030                           postdec1	equ	0x4E5
  1031                           preinc1	equ	0x4E4
  1032                           plusw1	equ	0x4E3
  1033                           fsr1h	equ	0x4E2
  1034                           fsr1l	equ	0x4E1
  1035                           bsr	equ	0x4E0
  1036                           indf2	equ	0x4DF
  1037                           postinc2	equ	0x4DE
  1038                           postdec2	equ	0x4DD
  1039                           preinc2	equ	0x4DC
  1040                           plusw2	equ	0x4DB
  1041                           fsr2h	equ	0x4DA
  1042                           fsr2l	equ	0x4D9
  1043                           status	equ	0x4D8

Data Sizes:
    Strings     20
    Constant    0
    Data        0
    BSS         44
    Persistent  0
    Stack       0

Auto Spaces:
    Space          Size  Autos    Used
    COMRAM           95     28      72
    BANK5           160      0       0
    BANK6           256      0       0
    BANK7           256      0       0
    BANK8           256      0       0
    BANK9           256      0       0
    BANK10          256      0       0
    BANK11          256      0       0
    BANK12          256      0       0
    BANK13          256      0       0
    BANK14          256      0       0
    BANK15          256      0       0
    BANK16          256      0       0
    BANK17          256      0       0
    BANK18          256      0       0
    BANK19          256      0       0
    BANK20          256      0       0
    BANK21          256      0       0
    BANK22          256      0       0
    BANK23          256      0       0
    BANK24          256      0       0
    BANK25          256      0       0
    BANK26          256      0       0
    BANK27          256      0       0
    BANK28          256      0       0
    BANK29          256      0       0
    BANK30          256      0       0
    BANK31          256      0       0
    BANK32          256      0       0
    BANK33          256      0       0
    BANK34          256      0       0
    BANK35          256      0       0
    BANK36          256      0       0
    BANK37          256      0       0

Pointer List with Targets:

    vfpfcnvrt@ap	PTR PTR void  size(2) Largest target is 2
		 -> printf@ap(COMRAM[2]), 

    S631_IO_FILE$buffer	PTR unsigned char  size(2) Largest target is 0

    fputc@fp.buffer	PTR unsigned char  size(2) Largest target is 0

    fputc@fp	PTR struct _IO_FILE size(2) Largest target is 0
		 -> NULL(NULL[0]), 

    vfprintf@ap	PTR PTR void  size(2) Largest target is 2
		 -> printf@ap(COMRAM[2]), 

    vfprintf@fp	PTR struct _IO_FILE size(2) Largest target is 0
		 -> NULL(NULL[0]), 

    vfprintf@fmt	PTR const unsigned char  size(2) Largest target is 20
		 -> STR_1(CODE[20]), 

    vfprintf@cfmt	PTR unsigned char  size(2) Largest target is 20
		 -> STR_1(CODE[20]), 

    vfpfcnvrt@fp	PTR struct _IO_FILE size(2) Largest target is 0
		 -> NULL(NULL[0]), 

    vfpfcnvrt@fmt	PTR PTR unsigned char  size(2) Largest target is 2
		 -> vfprintf@cfmt(COMRAM[2]), 

    printf@fmt	PTR const unsigned char  size(2) Largest target is 20
		 -> STR_1(CODE[20]), 

    printf@ap	PTR void [1] size(2) Largest target is 2
		 -> ?_printf(COMRAM[2]), 


Critical Paths under _main in COMRAM

    _main->_printf
    _printf->_vfprintf
    _vfprintf->_vfpfcnvrt
    _vfpfcnvrt->_fputc
    _fputc->_putch

Critical Paths under _main in BANK5

    None.

Critical Paths under _main in BANK6

    None.

Critical Paths under _main in BANK7

    None.

Critical Paths under _main in BANK8

    None.

Critical Paths under _main in BANK9

    None.

Critical Paths under _main in BANK10

    None.

Critical Paths under _main in BANK11

    None.

Critical Paths under _main in BANK12

    None.

Critical Paths under _main in BANK13

    None.

Critical Paths under _main in BANK14

    None.

Critical Paths under _main in BANK15

    None.

Critical Paths under _main in BANK16

    None.

Critical Paths under _main in BANK17

    None.

Critical Paths under _main in BANK18

    None.

Critical Paths under _main in BANK19

    None.

Critical Paths under _main in BANK20

    None.

Critical Paths under _main in BANK21

    None.

Critical Paths under _main in BANK22

    None.

Critical Paths under _main in BANK23

    None.

Critical Paths under _main in BANK24

    None.

Critical Paths under _main in BANK25

    None.

Critical Paths under _main in BANK26

    None.

Critical Paths under _main in BANK27

    None.

Critical Paths under _main in BANK28

    None.

Critical Paths under _main in BANK29

    None.

Critical Paths under _main in BANK30

    None.

Critical Paths under _main in BANK31

    None.

Critical Paths under _main in BANK32

    None.

Critical Paths under _main in BANK33

    None.

Critical Paths under _main in BANK34

    None.

Critical Paths under _main in BANK35

    None.

Critical Paths under _main in BANK36

    None.

Critical Paths under _main in BANK37

    None.

Call Graph Tables:

 ---------------------------------------------------------------------------------
 (Depth) Function   	        Calls       Base Space   Used Autos Params    Refs
 ---------------------------------------------------------------------------------
 (0) _main                                                 0     0      0    1635
                          _init_uart
                             _printf
 ---------------------------------------------------------------------------------
 (1) _printf                                               6     4      2    1635
                                             24 COMRAM     4     2      2
                           _vfprintf
 ---------------------------------------------------------------------------------
 (2) _vfprintf                                             8     2      6    1507
                                             16 COMRAM     8     2      6
                          _vfpfcnvrt
 ---------------------------------------------------------------------------------
 (3) _vfpfcnvrt                                           40    34      6    1157
                                             10 COMRAM     6     0      6
                              _fputc
 ---------------------------------------------------------------------------------
 (4) _fputc                                                9     5      4     731
                                              1 COMRAM     9     5      4
                              _putch
 ---------------------------------------------------------------------------------
 (5) _putch                                                1     1      0      15
                                              0 COMRAM     1     1      0
 ---------------------------------------------------------------------------------
 (1) _init_uart                                            0     0      0       0
 ---------------------------------------------------------------------------------
 Estimated maximum stack depth 5
 ---------------------------------------------------------------------------------

 Call Graph Graphs:

 _main (ROOT)
   _init_uart
   _printf
     _vfprintf
       _vfpfcnvrt
         _fputc
           _putch

 Address spaces:
Name               Size   Autos  Total    Cost      Usage
BIGRAM            20FF      0       0      71        0.0%
EEDATA             400      0       0       0        0.0%
BITBANK37          100      0       0      70        0.0%
BANK37             100      0       0      68        0.0%
BITBANK36          100      0       0      66        0.0%
BANK36             100      0       0      67        0.0%
BITBANK35          100      0       0      64        0.0%
BANK35             100      0       0      65        0.0%
BITBANK34          100      0       0      62        0.0%
BANK34             100      0       0      63        0.0%
BITBANK33          100      0       0      60        0.0%
BANK33             100      0       0      61        0.0%
BITBANK32          100      0       0      58        0.0%
BANK32             100      0       0      59        0.0%
BITBANK31          100      0       0      56        0.0%
BANK31             100      0       0      57        0.0%
BITBANK30          100      0       0      54        0.0%
BANK30             100      0       0      55        0.0%
BITBANK29          100      0       0      52        0.0%
BANK29             100      0       0      53        0.0%
BITBANK28          100      0       0      50        0.0%
BANK28             100      0       0      51        0.0%
BITBANK27          100      0       0      48        0.0%
BANK27             100      0       0      49        0.0%
BITBANK26          100      0       0      46        0.0%
BANK26             100      0       0      47        0.0%
BITBANK25          100      0       0      44        0.0%
BANK25             100      0       0      45        0.0%
BITBANK24          100      0       0      42        0.0%
BANK24             100      0       0      43        0.0%
BITBANK23          100      0       0      40        0.0%
BANK23             100      0       0      41        0.0%
BITBANK22          100      0       0      38        0.0%
BANK22             100      0       0      39        0.0%
BITBANK21          100      0       0      36        0.0%
BANK21             100      0       0      37        0.0%
BITBANK20          100      0       0      34        0.0%
BANK20             100      0       0      35        0.0%
BITBANK19          100      0       0      32        0.0%
BANK19             100      0       0      33        0.0%
BITBANK18          100      0       0      30        0.0%
BANK18             100      0       0      31        0.0%
BITBANK17          100      0       0      28        0.0%
BANK17             100      0       0      29        0.0%
BITBANK16          100      0       0      26        0.0%
BANK16             100      0       0      27        0.0%
BITBANK15          100      0       0      24        0.0%
BANK15             100      0       0      25        0.0%
BITBANK14          100      0       0      22        0.0%
BANK14             100      0       0      23        0.0%
BITBANK13          100      0       0      20        0.0%
BANK13             100      0       0      21        0.0%
BITBANK12          100      0       0      18        0.0%
BANK12             100      0       0      19        0.0%
BITBANK11          100      0       0      16        0.0%
BANK11             100      0       0      17        0.0%
BITBANK10          100      0       0      14        0.0%
BANK10             100      0       0      15        0.0%
BITBANK9           100      0       0      12        0.0%
BANK9              100      0       0      13        0.0%
BITBANK8           100      0       0      10        0.0%
BANK8              100      0       0      11        0.0%
BITBANK7           100      0       0       8        0.0%
BANK7              100      0       0       9        0.0%
BITBANK6           100      0       0       6        0.0%
BANK6              100      0       0       7        0.0%
BITBANK5            A0      0       0       4        0.0%
BANK5               A0      0       0       5        0.0%
BITCOMRAM           5F      0       0       0        0.0%
COMRAM              5F     1C      48       1       75.8%
BITSFR_5             0      0       0     200        0.0%
SFR_5                0      0       0     200        0.0%
BITSFR_4             0      0       0     200        0.0%
SFR_4                0      0       0     200        0.0%
BITSFR_3             0      0       0     200        0.0%
SFR_3                0      0       0     200        0.0%
BITSFR_2             0      0       0     200        0.0%
SFR_2                0      0       0     200        0.0%
BITSFR_1             0      0       0     200        0.0%
SFR_1                0      0       0     200        0.0%
BITSFR               0      0       0     200        0.0%
SFR                  0      0       0     200        0.0%
STACK                0      0       0       2        0.0%
NULL                 0      0       0       0        0.0%
ABS                  0      0      48      69        0.0%
DATA                 0      0      48       3        0.0%
CODE                 0      0       0       0        0.0%


Microchip Technology PIC18 Macro Assembler V2.32 build 20210201212658 
Symbol Table                                                                                   Fri Jan 28 13:34:52 2022

                     l20 287E                       l31 286C                       l25 288C  
                     l19 287E                       l28 2856                       u10 2866  
                     u11 2862                       u90 272E                       u91 272A  
                    l712 2838                      l901 27C6                      l750 280A  
                    l751 2812                      l903 27EA                      l911 286E  
                    l745 271A                      l905 2814                      l913 2872  
                    l763 27B0                      l851 271C                      l907 281C  
                    l781 2866                      l861 279E                      l853 272E  
                    l839 2886                      l855 2740                      l871 2660  
                    l857 274A                      l873 2664                      l865 2616  
                    l779 2856                      l859 2768                      l891 2704  
                    l875 268C                      l883 26BE                      l867 263E  
                    l885 26D0                      l877 269E                      l869 2650  
                    l879 26B2                      l889 26DC                      l897 27B2  
                    l899 27BA                      u100 2740                      u101 273C  
                    u110 2768                      u111 2764                      u120 279E  
                    u121 279A                      u130 263E                      u131 263A  
                    u140 268C                      u141 2688                      u150 280A  
                    u151 2806                      wreg 0004E8                     STR_1 2601  
                   _dbuf 0501                     _main 286E                     _prec 0529  
                   _nout 0525                     fsr1h 0004E2                     fsr2h 0004DA  
                   fsr1l 0004E1                     fsr2l 0004D9                     start FFFC  
           ___param_bank 000000                    ?_main 052D                    _U1TXB 0002A3  
           vfpfcnvrt@fmt 0539                    _flags 052B                    _fputc 271C  
                  _width 0527                    _putch 2854                    tablat 0004F5  
                  status 0004D8          __initialization 283A             __end_of_main 2886  
                 ??_main 0549            __activetblptr 000001                   ?_fputc 052E  
                 ?_putch 052D             vfprintf@cfmt 0543                   clear_0 2840  
                 isa$std 000001                   _printf 2814                   fputc@c 052E  
           __mediumconst 0000                   tblptrh 0004F7                   tblptrl 0004F6  
                 tblptru 0004F8         __end_of_vfprintf 2814               __accesstop 0560  
__end_of__initialization 2846            ___rparam_used 000001           __pcstackCOMRAM 052D  
          __end_of_fputc 27B2            __end_of_putch 286E                  ??_fputc 0532  
                ??_putch 052D       __size_of_init_uart 0008                  ?_printf 0545  
     __size_of_vfpfcnvrt 0106                  __Hparam 0000                  __Lparam 0000  
              ?_vfprintf 053D             __psmallconst 2600                  __pcinit 283A  
                __ramtop 2600                  __ptext0 286E                  __ptext1 2814  
                __ptext2 27B2                  __ptext3 2616                  __ptext4 271C  
                __ptext5 2854                  __ptext6 2886          __size_of_printf 0026  
                _myFloat 0521        __end_of_init_uart 288E     end_of_initialization 2846  
                fputc@fp 0530        __end_of_vfpfcnvrt 271C                  postdec2 0004DD  
                postinc0 0004EE                  postinc1 0004E6                  postinc2 0004DE  
             ??_vfprintf 0543              vfpfcnvrt@ap 053B              vfpfcnvrt@fp 0537  
         __end_of_printf 283A      start_initialization 283A              vfprintf@fmt 053F  
               ??_printf 0547              __pbssCOMRAM 0501        __size_of_vfprintf 0062  
            __smallconst 2600                _init_uart 2886           __size_of_fputc 0096  
            _U1ERRIRbits 0002B2           __size_of_putch 001A                _vfpfcnvrt 2616  
             ?_init_uart 052D                 __Hrparam 0000               vfprintf@ap 0541  
               __Lrparam 0000               vfprintf@fp 053D             __Lsmallconst 2600  
             ?_vfpfcnvrt 0537               _U1CON0bits 0002AB               _U1CON1bits 0002AC  
          __size_of_main 0018                 isa$xinst 000000                 _vfprintf 27B2  
              printf@fmt 0545                putch@data 052D              ??_init_uart 052D  
               printf@ap 0547              ??_vfpfcnvrt 053D  
